{"C:\\Users\\Nah Nah Sylvestre\\Documents\\school\\Software Architecture\\project docs\\SkillBridge\\Skill-Bridge\\Services\\notification-service\\src\\index.js": {"path":"C:\\Users\\Nah Nah Sylvestre\\Documents\\school\\Software Architecture\\project docs\\SkillBridge\\Skill-Bridge\\Services\\notification-service\\src\\index.js","statementMap":{"0":{"start":{"line":1,"column":0},"end":{"line":1,"column":27}},"1":{"start":{"line":2,"column":17},"end":{"line":2,"column":35}},"2":{"start":{"line":3,"column":17},"end":{"line":3,"column":34}},"3":{"start":{"line":4,"column":17},"end":{"line":4,"column":32}},"4":{"start":{"line":5,"column":17},"end":{"line":5,"column":34}},"5":{"start":{"line":6,"column":31},"end":{"line":6,"column":58}},"6":{"start":{"line":8,"column":27},"end":{"line":8,"column":60}},"7":{"start":{"line":10,"column":13},"end":{"line":10,"column":22}},"8":{"start":{"line":11,"column":13},"end":{"line":11,"column":37}},"9":{"start":{"line":13,"column":0},"end":{"line":13,"column":18}},"10":{"start":{"line":14,"column":0},"end":{"line":14,"column":16}},"11":{"start":{"line":15,"column":0},"end":{"line":15,"column":28}},"12":{"start":{"line":16,"column":0},"end":{"line":16,"column":24}},"13":{"start":{"line":18,"column":0},"end":{"line":20,"column":3}},"14":{"start":{"line":19,"column":2},"end":{"line":19,"column":99}},"15":{"start":{"line":22,"column":0},"end":{"line":22,"column":50}},"16":{"start":{"line":24,"column":0},"end":{"line":24,"column":74}},"17":{"start":{"line":24,"column":22},"end":{"line":24,"column":72}},"18":{"start":{"line":25,"column":0},"end":{"line":28,"column":3}},"19":{"start":{"line":26,"column":2},"end":{"line":26,"column":27}},"20":{"start":{"line":27,"column":2},"end":{"line":27,"column":59}},"21":{"start":{"line":30,"column":0},"end":{"line":40,"column":1}},"22":{"start":{"line":31,"column":2},"end":{"line":39,"column":5}},"23":{"start":{"line":32,"column":4},"end":{"line":32,"column":64}},"24":{"start":{"line":33,"column":4},"end":{"line":38,"column":5}},"25":{"start":{"line":34,"column":6},"end":{"line":34,"column":33}},"26":{"start":{"line":35,"column":6},"end":{"line":35,"column":44}},"27":{"start":{"line":37,"column":6},"end":{"line":37,"column":59}},"28":{"start":{"line":42,"column":0},"end":{"line":42,"column":21}}},"fnMap":{"0":{"name":"(anonymous_0)","decl":{"start":{"line":18,"column":19},"end":{"line":18,"column":20}},"loc":{"start":{"line":18,"column":33},"end":{"line":20,"column":1}},"line":18},"1":{"name":"(anonymous_1)","decl":{"start":{"line":24,"column":8},"end":{"line":24,"column":9}},"loc":{"start":{"line":24,"column":22},"end":{"line":24,"column":72}},"line":24},"2":{"name":"(anonymous_2)","decl":{"start":{"line":25,"column":8},"end":{"line":25,"column":9}},"loc":{"start":{"line":25,"column":33},"end":{"line":28,"column":1}},"line":25},"3":{"name":"(anonymous_3)","decl":{"start":{"line":31,"column":19},"end":{"line":31,"column":20}},"loc":{"start":{"line":31,"column":31},"end":{"line":39,"column":3}},"line":31}},"branchMap":{"0":{"loc":{"start":{"line":11,"column":13},"end":{"line":11,"column":37}},"type":"binary-expr","locations":[{"start":{"line":11,"column":13},"end":{"line":11,"column":29}},{"start":{"line":11,"column":33},"end":{"line":11,"column":37}}],"line":11},"1":{"loc":{"start":{"line":30,"column":0},"end":{"line":40,"column":1}},"type":"if","locations":[{"start":{"line":30,"column":0},"end":{"line":40,"column":1}},{"start":{},"end":{}}],"line":30}},"s":{"0":1,"1":1,"2":1,"3":1,"4":1,"5":1,"6":1,"7":1,"8":1,"9":1,"10":1,"11":1,"12":1,"13":1,"14":1,"15":1,"16":1,"17":1,"18":1,"19":0,"20":0,"21":1,"22":0,"23":0,"24":0,"25":0,"26":0,"27":0,"28":1},"f":{"0":1,"1":1,"2":0,"3":0},"b":{"0":[1,1],"1":[0,1]},"_coverageSchema":"1a1c01bbd47fc00a2c39e90264f33305004495a9","hash":"7945c22dde15af739cb99b96e004c3187e198259"}
,"C:\\Users\\Nah Nah Sylvestre\\Documents\\school\\Software Architecture\\project docs\\SkillBridge\\Skill-Bridge\\Services\\notification-service\\src\\controllers\\notificationController.js": {"path":"C:\\Users\\Nah Nah Sylvestre\\Documents\\school\\Software Architecture\\project docs\\SkillBridge\\Skill-Bridge\\Services\\notification-service\\src\\controllers\\notificationController.js","statementMap":{"0":{"start":{"line":1,"column":24},"end":{"line":1,"column":40}},"1":{"start":{"line":2,"column":24},"end":{"line":2,"column":61}},"2":{"start":{"line":5,"column":21},"end":{"line":10,"column":2}},"3":{"start":{"line":14,"column":2},"end":{"line":25,"column":3}},"4":{"start":{"line":15,"column":19},"end":{"line":21,"column":5}},"5":{"start":{"line":22,"column":4},"end":{"line":22,"column":26}},"6":{"start":{"line":24,"column":4},"end":{"line":24,"column":49}},"7":{"start":{"line":30,"column":2},"end":{"line":44,"column":3}},"8":{"start":{"line":31,"column":19},"end":{"line":31,"column":29}},"9":{"start":{"line":32,"column":19},"end":{"line":37,"column":5}},"10":{"start":{"line":38,"column":4},"end":{"line":40,"column":5}},"11":{"start":{"line":39,"column":6},"end":{"line":39,"column":71}},"12":{"start":{"line":41,"column":4},"end":{"line":41,"column":29}},"13":{"start":{"line":43,"column":4},"end":{"line":43,"column":49}},"14":{"start":{"line":49,"column":2},"end":{"line":57,"column":3}},"15":{"start":{"line":50,"column":4},"end":{"line":53,"column":6}},"16":{"start":{"line":54,"column":4},"end":{"line":54,"column":62}},"17":{"start":{"line":56,"column":4},"end":{"line":56,"column":49}},"18":{"start":{"line":62,"column":44},"end":{"line":62,"column":52}},"19":{"start":{"line":64,"column":2},"end":{"line":88,"column":3}},"20":{"start":{"line":66,"column":19},"end":{"line":70,"column":5}},"21":{"start":{"line":73,"column":4},"end":{"line":83,"column":5}},"22":{"start":{"line":74,"column":6},"end":{"line":79,"column":9}},"23":{"start":{"line":76,"column":8},"end":{"line":76,"column":76}},"24":{"start":{"line":82,"column":6},"end":{"line":82,"column":76}},"25":{"start":{"line":85,"column":4},"end":{"line":85,"column":41}},"26":{"start":{"line":87,"column":4},"end":{"line":87,"column":49}},"27":{"start":{"line":93,"column":2},"end":{"line":93,"column":37}},"28":{"start":{"line":98,"column":2},"end":{"line":106,"column":3}},"29":{"start":{"line":99,"column":19},"end":{"line":102,"column":5}},"30":{"start":{"line":103,"column":4},"end":{"line":103,"column":78}},"31":{"start":{"line":105,"column":4},"end":{"line":105,"column":49}},"32":{"start":{"line":111,"column":44},"end":{"line":111,"column":52}},"33":{"start":{"line":112,"column":2},"end":{"line":124,"column":3}},"34":{"start":{"line":113,"column":19},"end":{"line":120,"column":5}},"35":{"start":{"line":121,"column":4},"end":{"line":121,"column":29}},"36":{"start":{"line":123,"column":4},"end":{"line":123,"column":49}},"37":{"start":{"line":127,"column":0},"end":{"line":135,"column":2}}},"fnMap":{"0":{"name":"getMyNotifications","decl":{"start":{"line":13,"column":15},"end":{"line":13,"column":33}},"loc":{"start":{"line":13,"column":44},"end":{"line":26,"column":1}},"line":13},"1":{"name":"markAsRead","decl":{"start":{"line":29,"column":15},"end":{"line":29,"column":25}},"loc":{"start":{"line":29,"column":36},"end":{"line":45,"column":1}},"line":29},"2":{"name":"markAllAsRead","decl":{"start":{"line":48,"column":15},"end":{"line":48,"column":28}},"loc":{"start":{"line":48,"column":39},"end":{"line":58,"column":1}},"line":48},"3":{"name":"sendNotification","decl":{"start":{"line":61,"column":15},"end":{"line":61,"column":31}},"loc":{"start":{"line":61,"column":42},"end":{"line":89,"column":1}},"line":61},"4":{"name":"(anonymous_4)","decl":{"start":{"line":74,"column":33},"end":{"line":74,"column":34}},"loc":{"start":{"line":74,"column":45},"end":{"line":79,"column":7}},"line":74},"5":{"name":"getCircuitStatus","decl":{"start":{"line":92,"column":15},"end":{"line":92,"column":31}},"loc":{"start":{"line":92,"column":42},"end":{"line":94,"column":1}},"line":92},"6":{"name":"getPrefs","decl":{"start":{"line":97,"column":15},"end":{"line":97,"column":23}},"loc":{"start":{"line":97,"column":34},"end":{"line":107,"column":1}},"line":97},"7":{"name":"updatePrefs","decl":{"start":{"line":110,"column":15},"end":{"line":110,"column":26}},"loc":{"start":{"line":110,"column":37},"end":{"line":125,"column":1}},"line":110}},"branchMap":{"0":{"loc":{"start":{"line":38,"column":4},"end":{"line":40,"column":5}},"type":"if","locations":[{"start":{"line":38,"column":4},"end":{"line":40,"column":5}},{"start":{},"end":{}}],"line":38},"1":{"loc":{"start":{"line":103,"column":13},"end":{"line":103,"column":76}},"type":"binary-expr","locations":[{"start":{"line":103,"column":13},"end":{"line":103,"column":27}},{"start":{"line":103,"column":31},"end":{"line":103,"column":76}}],"line":103}},"s":{"0":1,"1":1,"2":1,"3":1,"4":1,"5":1,"6":0,"7":0,"8":0,"9":0,"10":0,"11":0,"12":0,"13":0,"14":0,"15":0,"16":0,"17":0,"18":0,"19":0,"20":0,"21":0,"22":0,"23":0,"24":0,"25":0,"26":0,"27":0,"28":0,"29":0,"30":0,"31":0,"32":0,"33":0,"34":0,"35":0,"36":0,"37":1},"f":{"0":1,"1":0,"2":0,"3":0,"4":0,"5":0,"6":0,"7":0},"b":{"0":[0,0],"1":[0,0]},"_coverageSchema":"1a1c01bbd47fc00a2c39e90264f33305004495a9","hash":"edc8914d83cd4b818423d0acc4abd968866b361d"}
,"C:\\Users\\Nah Nah Sylvestre\\Documents\\school\\Software Architecture\\project docs\\SkillBridge\\Skill-Bridge\\Services\\notification-service\\src\\middleware\\auth.js": {"path":"C:\\Users\\Nah Nah Sylvestre\\Documents\\school\\Software Architecture\\project docs\\SkillBridge\\Skill-Bridge\\Services\\notification-service\\src\\middleware\\auth.js","statementMap":{"0":{"start":{"line":1,"column":17},"end":{"line":1,"column":45}},"1":{"start":{"line":4,"column":21},"end":{"line":4,"column":46}},"2":{"start":{"line":5,"column":2},"end":{"line":7,"column":3}},"3":{"start":{"line":6,"column":4},"end":{"line":6,"column":86}},"4":{"start":{"line":8,"column":16},"end":{"line":8,"column":40}},"5":{"start":{"line":9,"column":36},"end":{"line":9,"column":70}},"6":{"start":{"line":10,"column":2},"end":{"line":10,"column":89}},"7":{"start":{"line":10,"column":22},"end":{"line":10,"column":89}},"8":{"start":{"line":11,"column":2},"end":{"line":11,"column":18}},"9":{"start":{"line":12,"column":2},"end":{"line":12,"column":9}},"10":{"start":{"line":15,"column":0},"end":{"line":15,"column":34}}},"fnMap":{"0":{"name":"authenticate","decl":{"start":{"line":3,"column":15},"end":{"line":3,"column":27}},"loc":{"start":{"line":3,"column":44},"end":{"line":13,"column":1}},"line":3}},"branchMap":{"0":{"loc":{"start":{"line":5,"column":2},"end":{"line":7,"column":3}},"type":"if","locations":[{"start":{"line":5,"column":2},"end":{"line":7,"column":3}},{"start":{},"end":{}}],"line":5},"1":{"loc":{"start":{"line":5,"column":6},"end":{"line":5,"column":54}},"type":"binary-expr","locations":[{"start":{"line":5,"column":6},"end":{"line":5,"column":17}},{"start":{"line":5,"column":21},"end":{"line":5,"column":54}}],"line":5},"2":{"loc":{"start":{"line":10,"column":2},"end":{"line":10,"column":89}},"type":"if","locations":[{"start":{"line":10,"column":2},"end":{"line":10,"column":89}},{"start":{},"end":{}}],"line":10},"3":{"loc":{"start":{"line":10,"column":6},"end":{"line":10,"column":20}},"type":"binary-expr","locations":[{"start":{"line":10,"column":6},"end":{"line":10,"column":11}},{"start":{"line":10,"column":15},"end":{"line":10,"column":20}}],"line":10}},"s":{"0":1,"1":2,"2":2,"3":1,"4":1,"5":1,"6":1,"7":0,"8":1,"9":1,"10":1},"f":{"0":2},"b":{"0":[1,1],"1":[2,1],"2":[0,1],"3":[1,1]},"_coverageSchema":"1a1c01bbd47fc00a2c39e90264f33305004495a9","hash":"7ac29215d7b6f3c6462d073a3d9342782d0538dd"}
,"C:\\Users\\Nah Nah Sylvestre\\Documents\\school\\Software Architecture\\project docs\\SkillBridge\\Skill-Bridge\\Services\\notification-service\\src\\patterns\\CircuitBreaker.js": {"path":"C:\\Users\\Nah Nah Sylvestre\\Documents\\school\\Software Architecture\\project docs\\SkillBridge\\Skill-Bridge\\Services\\notification-service\\src\\patterns\\CircuitBreaker.js","statementMap":{"0":{"start":{"line":12,"column":4},"end":{"line":12,"column":60}},"1":{"start":{"line":13,"column":4},"end":{"line":13,"column":60}},"2":{"start":{"line":14,"column":4},"end":{"line":14,"column":64}},"3":{"start":{"line":15,"column":4},"end":{"line":15,"column":38}},"4":{"start":{"line":16,"column":4},"end":{"line":16,"column":31}},"5":{"start":{"line":17,"column":4},"end":{"line":17,"column":31}},"6":{"start":{"line":18,"column":4},"end":{"line":18,"column":34}},"7":{"start":{"line":19,"column":4},"end":{"line":19,"column":62}},"8":{"start":{"line":23,"column":4},"end":{"line":31,"column":5}},"9":{"start":{"line":25,"column":6},"end":{"line":30,"column":7}},"10":{"start":{"line":26,"column":8},"end":{"line":26,"column":33}},"11":{"start":{"line":27,"column":8},"end":{"line":27,"column":62}},"12":{"start":{"line":29,"column":8},"end":{"line":29,"column":76}},"13":{"start":{"line":33,"column":4},"end":{"line":40,"column":5}},"14":{"start":{"line":34,"column":21},"end":{"line":34,"column":31}},"15":{"start":{"line":35,"column":6},"end":{"line":35,"column":23}},"16":{"start":{"line":36,"column":6},"end":{"line":36,"column":20}},"17":{"start":{"line":38,"column":6},"end":{"line":38,"column":23}},"18":{"start":{"line":39,"column":6},"end":{"line":39,"column":16}},"19":{"start":{"line":44,"column":4},"end":{"line":44,"column":26}},"20":{"start":{"line":45,"column":4},"end":{"line":52,"column":5}},"21":{"start":{"line":46,"column":6},"end":{"line":46,"column":26}},"22":{"start":{"line":47,"column":6},"end":{"line":51,"column":7}},"23":{"start":{"line":48,"column":8},"end":{"line":48,"column":37}},"24":{"start":{"line":49,"column":8},"end":{"line":49,"column":30}},"25":{"start":{"line":50,"column":8},"end":{"line":50,"column":64}},"26":{"start":{"line":56,"column":4},"end":{"line":56,"column":24}},"27":{"start":{"line":57,"column":4},"end":{"line":57,"column":38}},"28":{"start":{"line":58,"column":4},"end":{"line":61,"column":5}},"29":{"start":{"line":59,"column":6},"end":{"line":59,"column":26}},"30":{"start":{"line":60,"column":6},"end":{"line":60,"column":85}},"31":{"start":{"line":65,"column":4},"end":{"line":70,"column":6}},"32":{"start":{"line":74,"column":0},"end":{"line":74,"column":32}}},"fnMap":{"0":{"name":"(anonymous_0)","decl":{"start":{"line":11,"column":2},"end":{"line":11,"column":3}},"loc":{"start":{"line":11,"column":28},"end":{"line":20,"column":3}},"line":11},"1":{"name":"(anonymous_1)","decl":{"start":{"line":22,"column":2},"end":{"line":22,"column":3}},"loc":{"start":{"line":22,"column":20},"end":{"line":41,"column":3}},"line":22},"2":{"name":"(anonymous_2)","decl":{"start":{"line":43,"column":2},"end":{"line":43,"column":3}},"loc":{"start":{"line":43,"column":14},"end":{"line":53,"column":3}},"line":43},"3":{"name":"(anonymous_3)","decl":{"start":{"line":55,"column":2},"end":{"line":55,"column":3}},"loc":{"start":{"line":55,"column":14},"end":{"line":62,"column":3}},"line":55},"4":{"name":"(anonymous_4)","decl":{"start":{"line":64,"column":2},"end":{"line":64,"column":3}},"loc":{"start":{"line":64,"column":14},"end":{"line":71,"column":3}},"line":64}},"branchMap":{"0":{"loc":{"start":{"line":11,"column":14},"end":{"line":11,"column":26}},"type":"default-arg","locations":[{"start":{"line":11,"column":24},"end":{"line":11,"column":26}}],"line":11},"1":{"loc":{"start":{"line":12,"column":29},"end":{"line":12,"column":59}},"type":"binary-expr","locations":[{"start":{"line":12,"column":29},"end":{"line":12,"column":53}},{"start":{"line":12,"column":58},"end":{"line":12,"column":59}}],"line":12},"2":{"loc":{"start":{"line":13,"column":29},"end":{"line":13,"column":59}},"type":"binary-expr","locations":[{"start":{"line":13,"column":29},"end":{"line":13,"column":53}},{"start":{"line":13,"column":58},"end":{"line":13,"column":59}}],"line":13},"3":{"loc":{"start":{"line":14,"column":29},"end":{"line":14,"column":63}},"type":"binary-expr","locations":[{"start":{"line":14,"column":29},"end":{"line":14,"column":44}},{"start":{"line":14,"column":58},"end":{"line":14,"column":63}}],"line":14},"4":{"loc":{"start":{"line":19,"column":29},"end":{"line":19,"column":61}},"type":"binary-expr","locations":[{"start":{"line":19,"column":29},"end":{"line":19,"column":41}},{"start":{"line":19,"column":45},"end":{"line":19,"column":61}}],"line":19},"5":{"loc":{"start":{"line":23,"column":4},"end":{"line":31,"column":5}},"type":"if","locations":[{"start":{"line":23,"column":4},"end":{"line":31,"column":5}},{"start":{},"end":{}}],"line":23},"6":{"loc":{"start":{"line":25,"column":6},"end":{"line":30,"column":7}},"type":"if","locations":[{"start":{"line":25,"column":6},"end":{"line":30,"column":7}},{"start":{"line":28,"column":13},"end":{"line":30,"column":7}}],"line":25},"7":{"loc":{"start":{"line":45,"column":4},"end":{"line":52,"column":5}},"type":"if","locations":[{"start":{"line":45,"column":4},"end":{"line":52,"column":5}},{"start":{},"end":{}}],"line":45},"8":{"loc":{"start":{"line":47,"column":6},"end":{"line":51,"column":7}},"type":"if","locations":[{"start":{"line":47,"column":6},"end":{"line":51,"column":7}},{"start":{},"end":{}}],"line":47},"9":{"loc":{"start":{"line":58,"column":4},"end":{"line":61,"column":5}},"type":"if","locations":[{"start":{"line":58,"column":4},"end":{"line":61,"column":5}},{"start":{},"end":{}}],"line":58},"10":{"loc":{"start":{"line":58,"column":8},"end":{"line":58,"column":80}},"type":"binary-expr","locations":[{"start":{"line":58,"column":8},"end":{"line":58,"column":50}},{"start":{"line":58,"column":54},"end":{"line":58,"column":80}}],"line":58}},"s":{"0":6,"1":6,"2":6,"3":6,"4":6,"5":6,"6":6,"7":6,"8":5,"9":1,"10":0,"11":0,"12":1,"13":4,"14":4,"15":1,"16":1,"17":3,"18":3,"19":1,"20":1,"21":0,"22":0,"23":0,"24":0,"25":0,"26":3,"27":3,"28":3,"29":2,"30":2,"31":1,"32":1},"f":{"0":6,"1":5,"2":1,"3":3,"4":1},"b":{"0":[0],"1":[6,3],"2":[6,5],"3":[6,5],"4":[6,0],"5":[1,4],"6":[0,1],"7":[0,1],"8":[0,0],"9":[2,1],"10":[3,1]},"_coverageSchema":"1a1c01bbd47fc00a2c39e90264f33305004495a9","hash":"f494b26f42c0acedf690e84f96b7946ae8f52e8b"}
,"C:\\Users\\Nah Nah Sylvestre\\Documents\\school\\Software Architecture\\project docs\\SkillBridge\\Skill-Bridge\\Services\\notification-service\\src\\routes\\notifications.js": {"path":"C:\\Users\\Nah Nah Sylvestre\\Documents\\school\\Software Architecture\\project docs\\SkillBridge\\Skill-Bridge\\Services\\notification-service\\src\\routes\\notifications.js","statementMap":{"0":{"start":{"line":1,"column":15},"end":{"line":1,"column":42}},"1":{"start":{"line":2,"column":25},"end":{"line":2,"column":54}},"2":{"start":{"line":11,"column":4},"end":{"line":11,"column":52}},"3":{"start":{"line":13,"column":0},"end":{"line":13,"column":65}},"4":{"start":{"line":14,"column":0},"end":{"line":14,"column":60}},"5":{"start":{"line":15,"column":0},"end":{"line":15,"column":57}},"6":{"start":{"line":16,"column":0},"end":{"line":16,"column":63}},"7":{"start":{"line":17,"column":0},"end":{"line":17,"column":63}},"8":{"start":{"line":18,"column":0},"end":{"line":18,"column":55}},"9":{"start":{"line":19,"column":0},"end":{"line":19,"column":58}},"10":{"start":{"line":21,"column":0},"end":{"line":21,"column":24}}},"fnMap":{},"branchMap":{},"s":{"0":1,"1":1,"2":1,"3":1,"4":1,"5":1,"6":1,"7":1,"8":1,"9":1,"10":1},"f":{},"b":{},"_coverageSchema":"1a1c01bbd47fc00a2c39e90264f33305004495a9","hash":"55847c8f59ba5c95e45cc66288129b495fd48560"}
}
