TN:
SF:src\index.js
FN:18,(anonymous_0)
FN:24,(anonymous_1)
FN:25,(anonymous_2)
FN:31,(anonymous_3)
FNF:4
FNH:2
FNDA:1,(anonymous_0)
FNDA:1,(anonymous_1)
FNDA:0,(anonymous_2)
FNDA:0,(anonymous_3)
DA:1,1
DA:2,1
DA:3,1
DA:4,1
DA:5,1
DA:6,1
DA:8,1
DA:10,1
DA:11,1
DA:13,1
DA:14,1
DA:15,1
DA:16,1
DA:18,1
DA:19,1
DA:22,1
DA:24,1
DA:25,1
DA:26,0
DA:27,0
DA:30,1
DA:31,0
DA:32,0
DA:33,0
DA:34,0
DA:35,0
DA:37,0
DA:42,1
LF:28
LH:20
BRDA:11,0,0,1
BRDA:11,0,1,1
BRDA:30,1,0,0
BRDA:30,1,1,1
BRF:4
BRH:3
end_of_record
TN:
SF:src\controllers\notificationController.js
FN:13,getMyNotifications
FN:29,markAsRead
FN:48,markAllAsRead
FN:61,sendNotification
FN:74,(anonymous_4)
FN:92,getCircuitStatus
FN:97,getPrefs
FN:110,updatePrefs
FNF:8
FNH:1
FNDA:1,getMyNotifications
FNDA:0,markAsRead
FNDA:0,markAllAsRead
FNDA:0,sendNotification
FNDA:0,(anonymous_4)
FNDA:0,getCircuitStatus
FNDA:0,getPrefs
FNDA:0,updatePrefs
DA:1,1
DA:2,1
DA:5,1
DA:14,1
DA:15,1
DA:22,1
DA:24,0
DA:30,0
DA:31,0
DA:32,0
DA:38,0
DA:39,0
DA:41,0
DA:43,0
DA:49,0
DA:50,0
DA:54,0
DA:56,0
DA:62,0
DA:64,0
DA:66,0
DA:73,0
DA:74,0
DA:76,0
DA:82,0
DA:85,0
DA:87,0
DA:93,0
DA:98,0
DA:99,0
DA:103,0
DA:105,0
DA:111,0
DA:112,0
DA:113,0
DA:121,0
DA:123,0
DA:127,1
LF:38
LH:7
BRDA:38,0,0,0
BRDA:38,0,1,0
BRDA:103,1,0,0
BRDA:103,1,1,0
BRF:4
BRH:0
end_of_record
TN:
SF:src\middleware\auth.js
FN:3,authenticate
FNF:1
FNH:1
FNDA:2,authenticate
DA:1,1
DA:4,2
DA:5,2
DA:6,1
DA:8,1
DA:9,1
DA:10,1
DA:11,1
DA:12,1
DA:15,1
LF:10
LH:10
BRDA:5,0,0,1
BRDA:5,0,1,1
BRDA:5,1,0,2
BRDA:5,1,1,1
BRDA:10,2,0,0
BRDA:10,2,1,1
BRDA:10,3,0,1
BRDA:10,3,1,1
BRF:8
BRH:7
end_of_record
TN:
SF:src\patterns\CircuitBreaker.js
FN:11,(anonymous_0)
FN:22,(anonymous_1)
FN:43,(anonymous_2)
FN:55,(anonymous_3)
FN:64,(anonymous_4)
FNF:5
FNH:5
FNDA:6,(anonymous_0)
FNDA:5,(anonymous_1)
FNDA:1,(anonymous_2)
FNDA:3,(anonymous_3)
FNDA:1,(anonymous_4)
DA:12,6
DA:13,6
DA:14,6
DA:15,6
DA:16,6
DA:17,6
DA:18,6
DA:19,6
DA:23,5
DA:25,1
DA:26,0
DA:27,0
DA:29,1
DA:33,4
DA:34,4
DA:35,1
DA:36,1
DA:38,3
DA:39,3
DA:44,1
DA:45,1
DA:46,0
DA:47,0
DA:48,0
DA:49,0
DA:50,0
DA:56,3
DA:57,3
DA:58,3
DA:59,2
DA:60,2
DA:65,1
DA:74,1
LF:33
LH:26
BRDA:11,0,0,0
BRDA:12,1,0,6
BRDA:12,1,1,3
BRDA:13,2,0,6
BRDA:13,2,1,5
BRDA:14,3,0,6
BRDA:14,3,1,5
BRDA:19,4,0,6
BRDA:19,4,1,0
BRDA:23,5,0,1
BRDA:23,5,1,4
BRDA:25,6,0,0
BRDA:25,6,1,1
BRDA:45,7,0,0
BRDA:45,7,1,1
BRDA:47,8,0,0
BRDA:47,8,1,0
BRDA:58,9,0,2
BRDA:58,9,1,1
BRDA:58,10,0,3
BRDA:58,10,1,1
BRF:21
BRH:15
end_of_record
TN:
SF:src\routes\notifications.js
FNF:0
FNH:0
DA:1,1
DA:2,1
DA:11,1
DA:13,1
DA:14,1
DA:15,1
DA:16,1
DA:17,1
DA:18,1
DA:19,1
DA:21,1
LF:11
LH:11
BRF:0
BRH:0
end_of_record
