{"C:\\Users\\Nah Nah Sylvestre\\Documents\\school\\Software Architecture\\project docs\\SkillBridge\\Skill-Bridge\\Services\\session-service\\src\\index.js": {"path":"C:\\Users\\Nah Nah Sylvestre\\Documents\\school\\Software Architecture\\project docs\\SkillBridge\\Skill-Bridge\\Services\\session-service\\src\\index.js","statementMap":{"0":{"start":{"line":1,"column":0},"end":{"line":1,"column":27}},"1":{"start":{"line":2,"column":16},"end":{"line":2,"column":31}},"2":{"start":{"line":3,"column":16},"end":{"line":3,"column":34}},"3":{"start":{"line":4,"column":16},"end":{"line":4,"column":33}},"4":{"start":{"line":5,"column":16},"end":{"line":5,"column":31}},"5":{"start":{"line":6,"column":16},"end":{"line":6,"column":33}},"6":{"start":{"line":7,"column":31},"end":{"line":7,"column":58}},"7":{"start":{"line":8,"column":28},"end":{"line":8,"column":50}},"8":{"start":{"line":9,"column":23},"end":{"line":9,"column":50}},"9":{"start":{"line":11,"column":22},"end":{"line":11,"column":50}},"10":{"start":{"line":13,"column":13},"end":{"line":13,"column":22}},"11":{"start":{"line":14,"column":13},"end":{"line":14,"column":37}},"12":{"start":{"line":17,"column":0},"end":{"line":17,"column":18}},"13":{"start":{"line":18,"column":0},"end":{"line":18,"column":16}},"14":{"start":{"line":19,"column":0},"end":{"line":19,"column":28}},"15":{"start":{"line":20,"column":0},"end":{"line":20,"column":24}},"16":{"start":{"line":23,"column":0},"end":{"line":37,"column":3}},"17":{"start":{"line":24,"column":15},"end":{"line":29,"column":7}},"18":{"start":{"line":31,"column":2},"end":{"line":36,"column":5}},"19":{"start":{"line":40,"column":0},"end":{"line":40,"column":40}},"20":{"start":{"line":43,"column":0},"end":{"line":45,"column":3}},"21":{"start":{"line":44,"column":2},"end":{"line":44,"column":53}},"22":{"start":{"line":48,"column":0},"end":{"line":51,"column":3}},"23":{"start":{"line":49,"column":2},"end":{"line":49,"column":27}},"24":{"start":{"line":50,"column":2},"end":{"line":50,"column":81}},"25":{"start":{"line":54,"column":15},"end":{"line":54,"column":37}},"26":{"start":{"line":55,"column":0},"end":{"line":55,"column":24}},"27":{"start":{"line":58,"column":0},"end":{"line":68,"column":1}},"28":{"start":{"line":59,"column":2},"end":{"line":67,"column":5}},"29":{"start":{"line":60,"column":4},"end":{"line":60,"column":59}},"30":{"start":{"line":61,"column":4},"end":{"line":66,"column":5}},"31":{"start":{"line":62,"column":6},"end":{"line":62,"column":33}},"32":{"start":{"line":63,"column":6},"end":{"line":63,"column":46}},"33":{"start":{"line":65,"column":6},"end":{"line":65,"column":68}},"34":{"start":{"line":70,"column":0},"end":{"line":70,"column":21}}},"fnMap":{"0":{"name":"(anonymous_0)","decl":{"start":{"line":23,"column":19},"end":{"line":23,"column":20}},"loc":{"start":{"line":23,"column":33},"end":{"line":37,"column":1}},"line":23},"1":{"name":"(anonymous_1)","decl":{"start":{"line":43,"column":8},"end":{"line":43,"column":9}},"loc":{"start":{"line":43,"column":22},"end":{"line":45,"column":1}},"line":43},"2":{"name":"(anonymous_2)","decl":{"start":{"line":48,"column":8},"end":{"line":48,"column":9}},"loc":{"start":{"line":48,"column":33},"end":{"line":51,"column":1}},"line":48},"3":{"name":"(anonymous_3)","decl":{"start":{"line":59,"column":22},"end":{"line":59,"column":23}},"loc":{"start":{"line":59,"column":34},"end":{"line":67,"column":3}},"line":59}},"branchMap":{"0":{"loc":{"start":{"line":14,"column":13},"end":{"line":14,"column":37}},"type":"binary-expr","locations":[{"start":{"line":14,"column":13},"end":{"line":14,"column":29}},{"start":{"line":14,"column":33},"end":{"line":14,"column":37}}],"line":14},"1":{"loc":{"start":{"line":24,"column":15},"end":{"line":29,"column":7}},"type":"cond-expr","locations":[{"start":{"line":25,"column":6},"end":{"line":25,"column":45}},{"start":{"line":26,"column":6},"end":{"line":29,"column":7}}],"line":24},"2":{"loc":{"start":{"line":27,"column":21},"end":{"line":27,"column":53}},"type":"binary-expr","locations":[{"start":{"line":27,"column":21},"end":{"line":27,"column":45}},{"start":{"line":27,"column":49},"end":{"line":27,"column":53}}],"line":27},"3":{"loc":{"start":{"line":58,"column":0},"end":{"line":68,"column":1}},"type":"if","locations":[{"start":{"line":58,"column":0},"end":{"line":68,"column":1}},{"start":{},"end":{}}],"line":58}},"s":{"0":1,"1":1,"2":1,"3":1,"4":1,"5":1,"6":1,"7":1,"8":1,"9":1,"10":1,"11":1,"12":1,"13":1,"14":1,"15":1,"16":1,"17":1,"18":1,"19":1,"20":1,"21":1,"22":1,"23":0,"24":0,"25":1,"26":1,"27":1,"28":0,"29":0,"30":0,"31":0,"32":0,"33":0,"34":1},"f":{"0":1,"1":1,"2":0,"3":0},"b":{"0":[1,1],"1":[0,1],"2":[1,1],"3":[0,1]},"_coverageSchema":"1a1c01bbd47fc00a2c39e90264f33305004495a9","hash":"1a11e6cdddde1ef82d8e5424b3782ce7c4d4f59d"}
,"C:\\Users\\Nah Nah Sylvestre\\Documents\\school\\Software Architecture\\project docs\\SkillBridge\\Skill-Bridge\\Services\\session-service\\src\\signaling.js": {"path":"C:\\Users\\Nah Nah Sylvestre\\Documents\\school\\Software Architecture\\project docs\\SkillBridge\\Skill-Bridge\\Services\\session-service\\src\\signaling.js","statementMap":{"0":{"start":{"line":10,"column":28},"end":{"line":10,"column":41}},"1":{"start":{"line":11,"column":17},"end":{"line":11,"column":44}},"2":{"start":{"line":21,"column":14},"end":{"line":21,"column":53}},"3":{"start":{"line":24,"column":16},"end":{"line":24,"column":25}},"4":{"start":{"line":26,"column":15},"end":{"line":30,"column":3}},"5":{"start":{"line":27,"column":4},"end":{"line":29,"column":5}},"6":{"start":{"line":28,"column":6},"end":{"line":28,"column":39}},"7":{"start":{"line":32,"column":2},"end":{"line":75,"column":5}},"8":{"start":{"line":37,"column":4},"end":{"line":45,"column":5}},"9":{"start":{"line":38,"column":18},"end":{"line":38,"column":54}},"10":{"start":{"line":39,"column":6},"end":{"line":39,"column":30}},"11":{"start":{"line":40,"column":6},"end":{"line":40,"column":44}},"12":{"start":{"line":41,"column":6},"end":{"line":41,"column":42}},"13":{"start":{"line":43,"column":6},"end":{"line":43,"column":23}},"14":{"start":{"line":44,"column":6},"end":{"line":44,"column":13}},"15":{"start":{"line":48,"column":4},"end":{"line":51,"column":5}},"16":{"start":{"line":49,"column":6},"end":{"line":49,"column":23}},"17":{"start":{"line":50,"column":6},"end":{"line":50,"column":13}},"18":{"start":{"line":53,"column":4},"end":{"line":56,"column":5}},"19":{"start":{"line":54,"column":6},"end":{"line":54,"column":23}},"20":{"start":{"line":55,"column":6},"end":{"line":55,"column":13}},"21":{"start":{"line":60,"column":4},"end":{"line":70,"column":5}},"22":{"start":{"line":61,"column":45},"end":{"line":61,"column":79}},"23":{"start":{"line":62,"column":6},"end":{"line":65,"column":7}},"24":{"start":{"line":63,"column":8},"end":{"line":63,"column":25}},"25":{"start":{"line":64,"column":8},"end":{"line":64,"column":15}},"26":{"start":{"line":66,"column":6},"end":{"line":66,"column":23}},"27":{"start":{"line":68,"column":6},"end":{"line":68,"column":23}},"28":{"start":{"line":69,"column":6},"end":{"line":69,"column":13}},"29":{"start":{"line":72,"column":4},"end":{"line":74,"column":7}},"30":{"start":{"line":73,"column":6},"end":{"line":73,"column":41}},"31":{"start":{"line":78,"column":16},"end":{"line":78,"column":33}},"32":{"start":{"line":79,"column":4},"end":{"line":82,"column":5}},"33":{"start":{"line":80,"column":6},"end":{"line":80,"column":24}},"34":{"start":{"line":81,"column":6},"end":{"line":81,"column":31}},"35":{"start":{"line":85,"column":4},"end":{"line":89,"column":5}},"36":{"start":{"line":86,"column":6},"end":{"line":86,"column":38}},"37":{"start":{"line":87,"column":6},"end":{"line":87,"column":17}},"38":{"start":{"line":88,"column":6},"end":{"line":88,"column":13}},"39":{"start":{"line":91,"column":19},"end":{"line":91,"column":33}},"40":{"start":{"line":93,"column":24},"end":{"line":93,"column":40}},"41":{"start":{"line":95,"column":18},"end":{"line":95,"column":23}},"42":{"start":{"line":96,"column":20},"end":{"line":109,"column":5}},"43":{"start":{"line":97,"column":6},"end":{"line":97,"column":26}},"44":{"start":{"line":97,"column":19},"end":{"line":97,"column":26}},"45":{"start":{"line":98,"column":6},"end":{"line":98,"column":21}},"46":{"start":{"line":100,"column":18},"end":{"line":100,"column":35}},"47":{"start":{"line":101,"column":6},"end":{"line":107,"column":7}},"48":{"start":{"line":102,"column":8},"end":{"line":102,"column":27}},"49":{"start":{"line":103,"column":8},"end":{"line":105,"column":9}},"50":{"start":{"line":104,"column":10},"end":{"line":104,"column":48}},"51":{"start":{"line":106,"column":8},"end":{"line":106,"column":49}},"52":{"start":{"line":106,"column":28},"end":{"line":106,"column":49}},"53":{"start":{"line":108,"column":6},"end":{"line":108,"column":56}},"54":{"start":{"line":108,"column":12},"end":{"line":108,"column":23}},"55":{"start":{"line":112,"column":4},"end":{"line":114,"column":5}},"56":{"start":{"line":113,"column":6},"end":{"line":113,"column":46}},"57":{"start":{"line":116,"column":4},"end":{"line":116,"column":22}},"58":{"start":{"line":118,"column":4},"end":{"line":118,"column":65}},"59":{"start":{"line":120,"column":4},"end":{"line":141,"column":7}},"60":{"start":{"line":122,"column":6},"end":{"line":126,"column":7}},"61":{"start":{"line":123,"column":8},"end":{"line":123,"column":41}},"62":{"start":{"line":125,"column":8},"end":{"line":125,"column":15}},"63":{"start":{"line":128,"column":6},"end":{"line":131,"column":7}},"64":{"start":{"line":129,"column":8},"end":{"line":129,"column":18}},"65":{"start":{"line":130,"column":8},"end":{"line":130,"column":15}},"66":{"start":{"line":134,"column":6},"end":{"line":140,"column":7}},"67":{"start":{"line":135,"column":20},"end":{"line":135,"column":37}},"68":{"start":{"line":136,"column":8},"end":{"line":136,"column":25}},"69":{"start":{"line":136,"column":18},"end":{"line":136,"column":25}},"70":{"start":{"line":137,"column":8},"end":{"line":139,"column":9}},"71":{"start":{"line":138,"column":10},"end":{"line":138,"column":52}},"72":{"start":{"line":138,"column":32},"end":{"line":138,"column":52}},"73":{"start":{"line":143,"column":4},"end":{"line":143,"column":28}},"74":{"start":{"line":144,"column":4},"end":{"line":144,"column":28}},"75":{"start":{"line":147,"column":2},"end":{"line":147,"column":13}},"76":{"start":{"line":150,"column":0},"end":{"line":150,"column":37}}},"fnMap":{"0":{"name":"attachSignaling","decl":{"start":{"line":20,"column":9},"end":{"line":20,"column":24}},"loc":{"start":{"line":20,"column":33},"end":{"line":148,"column":1}},"line":20},"1":{"name":"(anonymous_1)","decl":{"start":{"line":26,"column":15},"end":{"line":26,"column":16}},"loc":{"start":{"line":26,"column":32},"end":{"line":30,"column":3}},"line":26},"2":{"name":"(anonymous_2)","decl":{"start":{"line":32,"column":23},"end":{"line":32,"column":24}},"loc":{"start":{"line":32,"column":52},"end":{"line":75,"column":3}},"line":32},"3":{"name":"(anonymous_3)","decl":{"start":{"line":72,"column":41},"end":{"line":72,"column":42}},"loc":{"start":{"line":72,"column":49},"end":{"line":74,"column":5}},"line":72},"4":{"name":"handleConnection","decl":{"start":{"line":77,"column":11},"end":{"line":77,"column":27}},"loc":{"start":{"line":77,"column":48},"end":{"line":145,"column":3}},"line":77},"5":{"name":"(anonymous_5)","decl":{"start":{"line":96,"column":20},"end":{"line":96,"column":21}},"loc":{"start":{"line":96,"column":26},"end":{"line":109,"column":5}},"line":96},"6":{"name":"(anonymous_6)","decl":{"start":{"line":120,"column":21},"end":{"line":120,"column":22}},"loc":{"start":{"line":120,"column":30},"end":{"line":141,"column":5}},"line":120}},"branchMap":{"0":{"loc":{"start":{"line":27,"column":4},"end":{"line":29,"column":5}},"type":"if","locations":[{"start":{"line":27,"column":4},"end":{"line":29,"column":5}},{"start":{},"end":{}}],"line":27},"1":{"loc":{"start":{"line":48,"column":4},"end":{"line":51,"column":5}},"type":"if","locations":[{"start":{"line":48,"column":4},"end":{"line":51,"column":5}},{"start":{},"end":{}}],"line":48},"2":{"loc":{"start":{"line":53,"column":4},"end":{"line":56,"column":5}},"type":"if","locations":[{"start":{"line":53,"column":4},"end":{"line":56,"column":5}},{"start":{},"end":{}}],"line":53},"3":{"loc":{"start":{"line":53,"column":8},"end":{"line":53,"column":23}},"type":"binary-expr","locations":[{"start":{"line":53,"column":8},"end":{"line":53,"column":14}},{"start":{"line":53,"column":18},"end":{"line":53,"column":23}}],"line":53},"4":{"loc":{"start":{"line":61,"column":20},"end":{"line":61,"column":33}},"type":"default-arg","locations":[{"start":{"line":61,"column":31},"end":{"line":61,"column":33}}],"line":61},"5":{"loc":{"start":{"line":62,"column":6},"end":{"line":65,"column":7}},"type":"if","locations":[{"start":{"line":62,"column":6},"end":{"line":65,"column":7}},{"start":{},"end":{}}],"line":62},"6":{"loc":{"start":{"line":62,"column":10},"end":{"line":62,"column":24}},"type":"binary-expr","locations":[{"start":{"line":62,"column":10},"end":{"line":62,"column":15}},{"start":{"line":62,"column":19},"end":{"line":62,"column":24}}],"line":62},"7":{"loc":{"start":{"line":79,"column":4},"end":{"line":82,"column":5}},"type":"if","locations":[{"start":{"line":79,"column":4},"end":{"line":82,"column":5}},{"start":{},"end":{}}],"line":79},"8":{"loc":{"start":{"line":85,"column":4},"end":{"line":89,"column":5}},"type":"if","locations":[{"start":{"line":85,"column":4},"end":{"line":89,"column":5}},{"start":{},"end":{}}],"line":85},"9":{"loc":{"start":{"line":97,"column":6},"end":{"line":97,"column":26}},"type":"if","locations":[{"start":{"line":97,"column":6},"end":{"line":97,"column":26}},{"start":{},"end":{}}],"line":97},"10":{"loc":{"start":{"line":101,"column":6},"end":{"line":107,"column":7}},"type":"if","locations":[{"start":{"line":101,"column":6},"end":{"line":107,"column":7}},{"start":{},"end":{}}],"line":101},"11":{"loc":{"start":{"line":106,"column":8},"end":{"line":106,"column":49}},"type":"if","locations":[{"start":{"line":106,"column":8},"end":{"line":106,"column":49}},{"start":{},"end":{}}],"line":106},"12":{"loc":{"start":{"line":128,"column":6},"end":{"line":131,"column":7}},"type":"if","locations":[{"start":{"line":128,"column":6},"end":{"line":131,"column":7}},{"start":{},"end":{}}],"line":128},"13":{"loc":{"start":{"line":134,"column":6},"end":{"line":140,"column":7}},"type":"if","locations":[{"start":{"line":134,"column":6},"end":{"line":140,"column":7}},{"start":{},"end":{}}],"line":134},"14":{"loc":{"start":{"line":134,"column":10},"end":{"line":134,"column":87}},"type":"binary-expr","locations":[{"start":{"line":134,"column":10},"end":{"line":134,"column":30}},{"start":{"line":134,"column":34},"end":{"line":134,"column":55}},{"start":{"line":134,"column":59},"end":{"line":134,"column":87}}],"line":134},"15":{"loc":{"start":{"line":136,"column":8},"end":{"line":136,"column":25}},"type":"if","locations":[{"start":{"line":136,"column":8},"end":{"line":136,"column":25}},{"start":{},"end":{}}],"line":136},"16":{"loc":{"start":{"line":138,"column":10},"end":{"line":138,"column":52}},"type":"if","locations":[{"start":{"line":138,"column":10},"end":{"line":138,"column":52}},{"start":{},"end":{}}],"line":138}},"s":{"0":1,"1":1,"2":1,"3":1,"4":1,"5":0,"6":0,"7":1,"8":0,"9":0,"10":0,"11":0,"12":0,"13":0,"14":0,"15":0,"16":0,"17":0,"18":0,"19":0,"20":0,"21":0,"22":0,"23":0,"24":0,"25":0,"26":0,"27":0,"28":0,"29":0,"30":0,"31":0,"32":0,"33":0,"34":0,"35":0,"36":0,"37":0,"38":0,"39":0,"40":0,"41":0,"42":0,"43":0,"44":0,"45":0,"46":0,"47":0,"48":0,"49":0,"50":0,"51":0,"52":0,"53":0,"54":0,"55":0,"56":0,"57":0,"58":0,"59":0,"60":0,"61":0,"62":0,"63":0,"64":0,"65":0,"66":0,"67":0,"68":0,"69":0,"70":0,"71":0,"72":0,"73":0,"74":0,"75":1,"76":1},"f":{"0":1,"1":0,"2":0,"3":0,"4":0,"5":0,"6":0},"b":{"0":[0,0],"1":[0,0],"2":[0,0],"3":[0,0],"4":[0],"5":[0,0],"6":[0,0],"7":[0,0],"8":[0,0],"9":[0,0],"10":[0,0],"11":[0,0],"12":[0,0],"13":[0,0],"14":[0,0,0],"15":[0,0],"16":[0,0]},"_coverageSchema":"1a1c01bbd47fc00a2c39e90264f33305004495a9","hash":"6ddb1b37f746a960375e06a343b166d3bb8a1761"}
,"C:\\Users\\Nah Nah Sylvestre\\Documents\\school\\Software Architecture\\project docs\\SkillBridge\\Skill-Bridge\\Services\\session-service\\src\\controllers\\sessionController.js": {"path":"C:\\Users\\Nah Nah Sylvestre\\Documents\\school\\Software Architecture\\project docs\\SkillBridge\\Skill-Bridge\\Services\\session-service\\src\\controllers\\sessionController.js","statementMap":{"0":{"start":{"line":1,"column":37},"end":{"line":1,"column":81}},"1":{"start":{"line":2,"column":37},"end":{"line":2,"column":65}},"2":{"start":{"line":3,"column":28},"end":{"line":3,"column":63}},"3":{"start":{"line":7,"column":37},"end":{"line":7,"column":45}},"4":{"start":{"line":8,"column":2},"end":{"line":8,"column":80}},"5":{"start":{"line":8,"column":17},"end":{"line":8,"column":80}},"6":{"start":{"line":10,"column":16},"end":{"line":10,"column":67}},"7":{"start":{"line":11,"column":2},"end":{"line":11,"column":81}},"8":{"start":{"line":11,"column":14},"end":{"line":11,"column":81}},"9":{"start":{"line":13,"column":2},"end":{"line":15,"column":3}},"10":{"start":{"line":14,"column":4},"end":{"line":14,"column":94}},"11":{"start":{"line":17,"column":2},"end":{"line":24,"column":3}},"12":{"start":{"line":18,"column":20},"end":{"line":20,"column":6}},"13":{"start":{"line":21,"column":4},"end":{"line":21,"column":34}},"14":{"start":{"line":23,"column":4},"end":{"line":23,"column":49}},"15":{"start":{"line":29,"column":2},"end":{"line":35,"column":3}},"16":{"start":{"line":30,"column":23},"end":{"line":30,"column":32}},"17":{"start":{"line":31,"column":21},"end":{"line":31,"column":78}},"18":{"start":{"line":32,"column":4},"end":{"line":32,"column":23}},"19":{"start":{"line":34,"column":4},"end":{"line":34,"column":49}},"20":{"start":{"line":40,"column":2},"end":{"line":45,"column":3}},"21":{"start":{"line":41,"column":20},"end":{"line":41,"column":67}},"22":{"start":{"line":42,"column":4},"end":{"line":42,"column":22}},"23":{"start":{"line":44,"column":4},"end":{"line":44,"column":57}},"24":{"start":{"line":50,"column":2},"end":{"line":64,"column":3}},"25":{"start":{"line":51,"column":20},"end":{"line":51,"column":67}},"26":{"start":{"line":52,"column":4},"end":{"line":54,"column":5}},"27":{"start":{"line":53,"column":6},"end":{"line":53,"column":82}},"28":{"start":{"line":55,"column":4},"end":{"line":57,"column":5}},"29":{"start":{"line":56,"column":6},"end":{"line":56,"column":82}},"30":{"start":{"line":58,"column":20},"end":{"line":60,"column":5}},"31":{"start":{"line":61,"column":4},"end":{"line":61,"column":22}},"32":{"start":{"line":63,"column":4},"end":{"line":63,"column":49}},"33":{"start":{"line":69,"column":2},"end":{"line":96,"column":3}},"34":{"start":{"line":70,"column":20},"end":{"line":70,"column":67}},"35":{"start":{"line":71,"column":4},"end":{"line":73,"column":5}},"36":{"start":{"line":72,"column":6},"end":{"line":72,"column":80}},"37":{"start":{"line":74,"column":4},"end":{"line":76,"column":5}},"38":{"start":{"line":75,"column":6},"end":{"line":75,"column":68}},"39":{"start":{"line":78,"column":27},"end":{"line":78,"column":37}},"40":{"start":{"line":79,"column":27},"end":{"line":79,"column":55}},"41":{"start":{"line":80,"column":28},"end":{"line":80,"column":68}},"42":{"start":{"line":82,"column":20},"end":{"line":87,"column":5}},"43":{"start":{"line":89,"column":4},"end":{"line":89,"column":60}},"44":{"start":{"line":90,"column":4},"end":{"line":90,"column":43}},"45":{"start":{"line":92,"column":4},"end":{"line":92,"column":35}},"46":{"start":{"line":93,"column":4},"end":{"line":93,"column":22}},"47":{"start":{"line":95,"column":4},"end":{"line":95,"column":49}},"48":{"start":{"line":101,"column":2},"end":{"line":113,"column":3}},"49":{"start":{"line":102,"column":20},"end":{"line":102,"column":67}},"50":{"start":{"line":103,"column":4},"end":{"line":105,"column":5}},"51":{"start":{"line":104,"column":6},"end":{"line":104,"column":73}},"52":{"start":{"line":106,"column":4},"end":{"line":108,"column":5}},"53":{"start":{"line":107,"column":6},"end":{"line":107,"column":82}},"54":{"start":{"line":109,"column":20},"end":{"line":109,"column":84}},"55":{"start":{"line":110,"column":4},"end":{"line":110,"column":22}},"56":{"start":{"line":112,"column":4},"end":{"line":112,"column":49}},"57":{"start":{"line":116,"column":0},"end":{"line":116,"column":103}}},"fnMap":{"0":{"name":"createSession","decl":{"start":{"line":6,"column":15},"end":{"line":6,"column":28}},"loc":{"start":{"line":6,"column":39},"end":{"line":25,"column":1}},"line":6},"1":{"name":"getMySessions","decl":{"start":{"line":28,"column":15},"end":{"line":28,"column":28}},"loc":{"start":{"line":28,"column":39},"end":{"line":36,"column":1}},"line":28},"2":{"name":"getSession","decl":{"start":{"line":39,"column":15},"end":{"line":39,"column":25}},"loc":{"start":{"line":39,"column":36},"end":{"line":46,"column":1}},"line":39},"3":{"name":"startSession","decl":{"start":{"line":49,"column":15},"end":{"line":49,"column":27}},"loc":{"start":{"line":49,"column":38},"end":{"line":65,"column":1}},"line":49},"4":{"name":"endSession","decl":{"start":{"line":68,"column":15},"end":{"line":68,"column":25}},"loc":{"start":{"line":68,"column":36},"end":{"line":97,"column":1}},"line":68},"5":{"name":"cancelSession","decl":{"start":{"line":100,"column":15},"end":{"line":100,"column":28}},"loc":{"start":{"line":100,"column":39},"end":{"line":114,"column":1}},"line":100}},"branchMap":{"0":{"loc":{"start":{"line":8,"column":2},"end":{"line":8,"column":80}},"type":"if","locations":[{"start":{"line":8,"column":2},"end":{"line":8,"column":80}},{"start":{},"end":{}}],"line":8},"1":{"loc":{"start":{"line":11,"column":2},"end":{"line":11,"column":81}},"type":"if","locations":[{"start":{"line":11,"column":2},"end":{"line":11,"column":81}},{"start":{},"end":{}}],"line":11},"2":{"loc":{"start":{"line":13,"column":2},"end":{"line":15,"column":3}},"type":"if","locations":[{"start":{"line":13,"column":2},"end":{"line":15,"column":3}},{"start":{},"end":{}}],"line":13},"3":{"loc":{"start":{"line":13,"column":6},"end":{"line":13,"column":74}},"type":"binary-expr","locations":[{"start":{"line":13,"column":6},"end":{"line":13,"column":38}},{"start":{"line":13,"column":42},"end":{"line":13,"column":74}}],"line":13},"4":{"loc":{"start":{"line":52,"column":4},"end":{"line":54,"column":5}},"type":"if","locations":[{"start":{"line":52,"column":4},"end":{"line":54,"column":5}},{"start":{},"end":{}}],"line":52},"5":{"loc":{"start":{"line":55,"column":4},"end":{"line":57,"column":5}},"type":"if","locations":[{"start":{"line":55,"column":4},"end":{"line":57,"column":5}},{"start":{},"end":{}}],"line":55},"6":{"loc":{"start":{"line":71,"column":4},"end":{"line":73,"column":5}},"type":"if","locations":[{"start":{"line":71,"column":4},"end":{"line":73,"column":5}},{"start":{},"end":{}}],"line":71},"7":{"loc":{"start":{"line":74,"column":4},"end":{"line":76,"column":5}},"type":"if","locations":[{"start":{"line":74,"column":4},"end":{"line":76,"column":5}},{"start":{},"end":{}}],"line":74},"8":{"loc":{"start":{"line":103,"column":4},"end":{"line":105,"column":5}},"type":"if","locations":[{"start":{"line":103,"column":4},"end":{"line":105,"column":5}},{"start":{},"end":{}}],"line":103},"9":{"loc":{"start":{"line":106,"column":4},"end":{"line":108,"column":5}},"type":"if","locations":[{"start":{"line":106,"column":4},"end":{"line":108,"column":5}},{"start":{},"end":{}}],"line":106}},"s":{"0":1,"1":1,"2":1,"3":3,"4":3,"5":1,"6":2,"7":2,"8":1,"9":1,"10":1,"11":0,"12":0,"13":0,"14":0,"15":0,"16":0,"17":0,"18":0,"19":0,"20":0,"21":0,"22":0,"23":0,"24":0,"25":0,"26":0,"27":0,"28":0,"29":0,"30":0,"31":0,"32":0,"33":2,"34":2,"35":2,"36":0,"37":2,"38":1,"39":1,"40":1,"41":1,"42":1,"43":1,"44":1,"45":1,"46":1,"47":0,"48":0,"49":0,"50":0,"51":0,"52":0,"53":0,"54":0,"55":0,"56":0,"57":1},"f":{"0":3,"1":0,"2":0,"3":0,"4":2,"5":0},"b":{"0":[1,2],"1":[1,1],"2":[1,0],"3":[1,1],"4":[0,0],"5":[0,0],"6":[0,2],"7":[1,1],"8":[0,0],"9":[0,0]},"_coverageSchema":"1a1c01bbd47fc00a2c39e90264f33305004495a9","hash":"2b0674bab32cc9aa6624b180aa3ac0c107d6d88c"}
,"C:\\Users\\Nah Nah Sylvestre\\Documents\\school\\Software Architecture\\project docs\\SkillBridge\\Skill-Bridge\\Services\\session-service\\src\\middleware\\auth.js": {"path":"C:\\Users\\Nah Nah Sylvestre\\Documents\\school\\Software Architecture\\project docs\\SkillBridge\\Skill-Bridge\\Services\\session-service\\src\\middleware\\auth.js","statementMap":{"0":{"start":{"line":1,"column":17},"end":{"line":1,"column":45}},"1":{"start":{"line":4,"column":21},"end":{"line":4,"column":46}},"2":{"start":{"line":5,"column":2},"end":{"line":7,"column":3}},"3":{"start":{"line":6,"column":4},"end":{"line":6,"column":86}},"4":{"start":{"line":9,"column":16},"end":{"line":9,"column":40}},"5":{"start":{"line":10,"column":36},"end":{"line":10,"column":70}},"6":{"start":{"line":12,"column":2},"end":{"line":12,"column":89}},"7":{"start":{"line":12,"column":22},"end":{"line":12,"column":89}},"8":{"start":{"line":14,"column":2},"end":{"line":14,"column":18}},"9":{"start":{"line":15,"column":2},"end":{"line":15,"column":9}},"10":{"start":{"line":18,"column":0},"end":{"line":18,"column":34}}},"fnMap":{"0":{"name":"authenticate","decl":{"start":{"line":3,"column":15},"end":{"line":3,"column":27}},"loc":{"start":{"line":3,"column":44},"end":{"line":16,"column":1}},"line":3}},"branchMap":{"0":{"loc":{"start":{"line":5,"column":2},"end":{"line":7,"column":3}},"type":"if","locations":[{"start":{"line":5,"column":2},"end":{"line":7,"column":3}},{"start":{},"end":{}}],"line":5},"1":{"loc":{"start":{"line":5,"column":6},"end":{"line":5,"column":54}},"type":"binary-expr","locations":[{"start":{"line":5,"column":6},"end":{"line":5,"column":17}},{"start":{"line":5,"column":21},"end":{"line":5,"column":54}}],"line":5},"2":{"loc":{"start":{"line":12,"column":2},"end":{"line":12,"column":89}},"type":"if","locations":[{"start":{"line":12,"column":2},"end":{"line":12,"column":89}},{"start":{},"end":{}}],"line":12},"3":{"loc":{"start":{"line":12,"column":6},"end":{"line":12,"column":20}},"type":"binary-expr","locations":[{"start":{"line":12,"column":6},"end":{"line":12,"column":11}},{"start":{"line":12,"column":15},"end":{"line":12,"column":20}}],"line":12}},"s":{"0":1,"1":5,"2":5,"3":0,"4":5,"5":5,"6":5,"7":0,"8":5,"9":5,"10":1},"f":{"0":5},"b":{"0":[0,5],"1":[5,5],"2":[0,5],"3":[5,5]},"_coverageSchema":"1a1c01bbd47fc00a2c39e90264f33305004495a9","hash":"e13ec8e36214512ca52fa2a33c3d24d486bf6ab2"}
,"C:\\Users\\Nah Nah Sylvestre\\Documents\\school\\Software Architecture\\project docs\\SkillBridge\\Skill-Bridge\\Services\\session-service\\src\\repositories\\SessionRepository.js": {"path":"C:\\Users\\Nah Nah Sylvestre\\Documents\\school\\Software Architecture\\project docs\\SkillBridge\\Skill-Bridge\\Services\\session-service\\src\\repositories\\SessionRepository.js","statementMap":{"0":{"start":{"line":9,"column":17},"end":{"line":9,"column":45}},"1":{"start":{"line":10,"column":23},"end":{"line":10,"column":38}},"2":{"start":{"line":18,"column":28},"end":{"line":29,"column":15}},"3":{"start":{"line":31,"column":4},"end":{"line":31,"column":46}},"4":{"start":{"line":31,"column":15},"end":{"line":31,"column":46}},"5":{"start":{"line":32,"column":4},"end":{"line":32,"column":16}},"6":{"start":{"line":39,"column":49},"end":{"line":42,"column":60}},"7":{"start":{"line":44,"column":4},"end":{"line":44,"column":56}},"8":{"start":{"line":44,"column":20},"end":{"line":44,"column":56}},"9":{"start":{"line":45,"column":21},"end":{"line":45,"column":51}},"10":{"start":{"line":45,"column":46},"end":{"line":45,"column":50}},"11":{"start":{"line":46,"column":4},"end":{"line":46,"column":41}},"12":{"start":{"line":46,"column":31},"end":{"line":46,"column":41}},"13":{"start":{"line":48,"column":16},"end":{"line":59,"column":50}},"14":{"start":{"line":61,"column":4},"end":{"line":61,"column":51}},"15":{"start":{"line":61,"column":16},"end":{"line":61,"column":51}},"16":{"start":{"line":63,"column":28},"end":{"line":63,"column":39}},"17":{"start":{"line":64,"column":4},"end":{"line":64,"column":46}},"18":{"start":{"line":64,"column":15},"end":{"line":64,"column":46}},"19":{"start":{"line":65,"column":4},"end":{"line":65,"column":16}},"20":{"start":{"line":72,"column":27},"end":{"line":72,"column":48}},"21":{"start":{"line":74,"column":28},"end":{"line":85,"column":15}},"22":{"start":{"line":87,"column":4},"end":{"line":87,"column":46}},"23":{"start":{"line":87,"column":15},"end":{"line":87,"column":46}},"24":{"start":{"line":88,"column":4},"end":{"line":88,"column":16}},"25":{"start":{"line":95,"column":28},"end":{"line":100,"column":15}},"26":{"start":{"line":102,"column":4},"end":{"line":102,"column":46}},"27":{"start":{"line":102,"column":15},"end":{"line":102,"column":46}},"28":{"start":{"line":103,"column":4},"end":{"line":103,"column":16}},"29":{"start":{"line":110,"column":28},"end":{"line":115,"column":15}},"30":{"start":{"line":117,"column":4},"end":{"line":117,"column":27}},"31":{"start":{"line":117,"column":15},"end":{"line":117,"column":27}},"32":{"start":{"line":118,"column":4},"end":{"line":118,"column":16}},"33":{"start":{"line":125,"column":22},"end":{"line":128,"column":24}},"34":{"start":{"line":130,"column":4},"end":{"line":130,"column":46}},"35":{"start":{"line":130,"column":15},"end":{"line":130,"column":46}},"36":{"start":{"line":134,"column":0},"end":{"line":134,"column":41}}},"fnMap":{"0":{"name":"(anonymous_0)","decl":{"start":{"line":17,"column":2},"end":{"line":17,"column":3}},"loc":{"start":{"line":17,"column":21},"end":{"line":33,"column":3}},"line":17},"1":{"name":"(anonymous_1)","decl":{"start":{"line":38,"column":2},"end":{"line":38,"column":3}},"loc":{"start":{"line":38,"column":44},"end":{"line":66,"column":3}},"line":38},"2":{"name":"(anonymous_2)","decl":{"start":{"line":45,"column":41},"end":{"line":45,"column":42}},"loc":{"start":{"line":45,"column":46},"end":{"line":45,"column":50}},"line":45},"3":{"name":"(anonymous_3)","decl":{"start":{"line":71,"column":2},"end":{"line":71,"column":3}},"loc":{"start":{"line":71,"column":52},"end":{"line":89,"column":3}},"line":71},"4":{"name":"(anonymous_4)","decl":{"start":{"line":94,"column":2},"end":{"line":94,"column":3}},"loc":{"start":{"line":94,"column":51},"end":{"line":104,"column":3}},"line":94},"5":{"name":"(anonymous_5)","decl":{"start":{"line":109,"column":2},"end":{"line":109,"column":3}},"loc":{"start":{"line":109,"column":35},"end":{"line":119,"column":3}},"line":109},"6":{"name":"(anonymous_6)","decl":{"start":{"line":124,"column":2},"end":{"line":124,"column":3}},"loc":{"start":{"line":124,"column":31},"end":{"line":131,"column":3}},"line":124}},"branchMap":{"0":{"loc":{"start":{"line":31,"column":4},"end":{"line":31,"column":46}},"type":"if","locations":[{"start":{"line":31,"column":4},"end":{"line":31,"column":46}},{"start":{},"end":{}}],"line":31},"1":{"loc":{"start":{"line":38,"column":29},"end":{"line":38,"column":42}},"type":"default-arg","locations":[{"start":{"line":38,"column":38},"end":{"line":38,"column":42}}],"line":38},"2":{"loc":{"start":{"line":44,"column":4},"end":{"line":44,"column":56}},"type":"if","locations":[{"start":{"line":44,"column":4},"end":{"line":44,"column":56}},{"start":{},"end":{}}],"line":44},"3":{"loc":{"start":{"line":45,"column":22},"end":{"line":45,"column":35}},"type":"binary-expr","locations":[{"start":{"line":45,"column":22},"end":{"line":45,"column":29}},{"start":{"line":45,"column":33},"end":{"line":45,"column":35}}],"line":45},"4":{"loc":{"start":{"line":46,"column":4},"end":{"line":46,"column":41}},"type":"if","locations":[{"start":{"line":46,"column":4},"end":{"line":46,"column":41}},{"start":{},"end":{}}],"line":46},"5":{"loc":{"start":{"line":61,"column":4},"end":{"line":61,"column":51}},"type":"if","locations":[{"start":{"line":61,"column":4},"end":{"line":61,"column":51}},{"start":{},"end":{}}],"line":61},"6":{"loc":{"start":{"line":64,"column":4},"end":{"line":64,"column":46}},"type":"if","locations":[{"start":{"line":64,"column":4},"end":{"line":64,"column":46}},{"start":{},"end":{}}],"line":64},"7":{"loc":{"start":{"line":87,"column":4},"end":{"line":87,"column":46}},"type":"if","locations":[{"start":{"line":87,"column":4},"end":{"line":87,"column":46}},{"start":{},"end":{}}],"line":87},"8":{"loc":{"start":{"line":94,"column":33},"end":{"line":94,"column":49}},"type":"default-arg","locations":[{"start":{"line":94,"column":47},"end":{"line":94,"column":49}}],"line":94},"9":{"loc":{"start":{"line":102,"column":4},"end":{"line":102,"column":46}},"type":"if","locations":[{"start":{"line":102,"column":4},"end":{"line":102,"column":46}},{"start":{},"end":{}}],"line":102},"10":{"loc":{"start":{"line":117,"column":4},"end":{"line":117,"column":27}},"type":"if","locations":[{"start":{"line":117,"column":4},"end":{"line":117,"column":27}},{"start":{},"end":{}}],"line":117},"11":{"loc":{"start":{"line":130,"column":4},"end":{"line":130,"column":46}},"type":"if","locations":[{"start":{"line":130,"column":4},"end":{"line":130,"column":46}},{"start":{},"end":{}}],"line":130}},"s":{"0":1,"1":1,"2":2,"3":2,"4":0,"5":2,"6":0,"7":0,"8":0,"9":0,"10":0,"11":0,"12":0,"13":0,"14":0,"15":0,"16":0,"17":0,"18":0,"19":0,"20":0,"21":0,"22":0,"23":0,"24":0,"25":1,"26":1,"27":0,"28":1,"29":2,"30":2,"31":1,"32":1,"33":1,"34":1,"35":0,"36":1},"f":{"0":2,"1":0,"2":0,"3":0,"4":1,"5":2,"6":1},"b":{"0":[0,2],"1":[0],"2":[0,0],"3":[0,0],"4":[0,0],"5":[0,0],"6":[0,0],"7":[0,0],"8":[0],"9":[0,1],"10":[1,1],"11":[0,1]},"_coverageSchema":"1a1c01bbd47fc00a2c39e90264f33305004495a9","hash":"c344ff673dea9ea92c80fe190f8acebee636297e"}
,"C:\\Users\\Nah Nah Sylvestre\\Documents\\school\\Software Architecture\\project docs\\SkillBridge\\Skill-Bridge\\Services\\session-service\\src\\routes\\sessions.js": {"path":"C:\\Users\\Nah Nah Sylvestre\\Documents\\school\\Software Architecture\\project docs\\SkillBridge\\Skill-Bridge\\Services\\session-service\\src\\routes\\sessions.js","statementMap":{"0":{"start":{"line":1,"column":15},"end":{"line":1,"column":42}},"1":{"start":{"line":2,"column":25},"end":{"line":2,"column":54}},"2":{"start":{"line":10,"column":4},"end":{"line":10,"column":47}},"3":{"start":{"line":11,"column":30},"end":{"line":11,"column":65}},"4":{"start":{"line":15,"column":0},"end":{"line":26,"column":3}},"5":{"start":{"line":16,"column":16},"end":{"line":16,"column":25}},"6":{"start":{"line":17,"column":2},"end":{"line":17,"column":82}},"7":{"start":{"line":17,"column":10},"end":{"line":17,"column":82}},"8":{"start":{"line":19,"column":18},"end":{"line":19,"column":57}},"9":{"start":{"line":21,"column":2},"end":{"line":23,"column":3}},"10":{"start":{"line":22,"column":4},"end":{"line":22,"column":77}},"11":{"start":{"line":25,"column":2},"end":{"line":25,"column":57}},"12":{"start":{"line":29,"column":0},"end":{"line":29,"column":59}},"13":{"start":{"line":32,"column":0},"end":{"line":32,"column":59}},"14":{"start":{"line":35,"column":0},"end":{"line":35,"column":56}},"15":{"start":{"line":38,"column":0},"end":{"line":38,"column":58}},"16":{"start":{"line":41,"column":0},"end":{"line":41,"column":56}},"17":{"start":{"line":44,"column":0},"end":{"line":44,"column":59}},"18":{"start":{"line":45,"column":0},"end":{"line":45,"column":24}}},"fnMap":{"0":{"name":"(anonymous_0)","decl":{"start":{"line":15,"column":36},"end":{"line":15,"column":37}},"loc":{"start":{"line":15,"column":56},"end":{"line":26,"column":1}},"line":15}},"branchMap":{"0":{"loc":{"start":{"line":17,"column":2},"end":{"line":17,"column":82}},"type":"if","locations":[{"start":{"line":17,"column":2},"end":{"line":17,"column":82}},{"start":{},"end":{}}],"line":17},"1":{"loc":{"start":{"line":21,"column":2},"end":{"line":23,"column":3}},"type":"if","locations":[{"start":{"line":21,"column":2},"end":{"line":23,"column":3}},{"start":{},"end":{}}],"line":21}},"s":{"0":1,"1":1,"2":1,"3":1,"4":1,"5":0,"6":0,"7":0,"8":0,"9":0,"10":0,"11":0,"12":1,"13":1,"14":1,"15":1,"16":1,"17":1,"18":1},"f":{"0":0},"b":{"0":[0,0],"1":[0,0]},"_coverageSchema":"1a1c01bbd47fc00a2c39e90264f33305004495a9","hash":"914f28cbc598fadc152fa25a97518352bdc67b93"}
}
