TN:
SF:src\index.js
FN:21,(anonymous_0)
FN:41,(anonymous_1)
FN:46,(anonymous_2)
FN:52,(anonymous_3)
FNF:4
FNH:3
FNDA:1,(anonymous_0)
FNDA:1,(anonymous_1)
FNDA:0,(anonymous_2)
FNDA:1,(anonymous_3)
DA:1,1
DA:2,1
DA:3,1
DA:4,1
DA:5,1
DA:6,1
DA:7,1
DA:9,1
DA:11,1
DA:12,1
DA:15,1
DA:16,1
DA:17,1
DA:18,1
DA:21,1
DA:22,1
DA:29,1
DA:38,1
DA:41,1
DA:42,1
DA:46,1
DA:47,0
DA:48,0
DA:52,1
DA:53,1
DA:54,1
DA:55,1
DA:56,1
DA:58,0
DA:62,1
LF:30
LH:27
BRDA:12,0,0,1
BRDA:12,0,1,1
BRDA:22,1,0,0
BRDA:22,1,1,1
BRDA:25,2,0,1
BRDA:25,2,1,1
BRF:6
BRH:5
end_of_record
TN:
SF:src\controllers\sessionController.js
FN:6,createSession
FN:28,getMySessions
FN:39,getSession
FN:49,startSession
FN:68,endSession
FN:100,cancelSession
FNF:6
FNH:2
FNDA:3,createSession
FNDA:0,getMySessions
FNDA:0,getSession
FNDA:0,startSession
FNDA:2,endSession
FNDA:0,cancelSession
DA:1,1
DA:2,1
DA:3,1
DA:7,3
DA:8,3
DA:10,2
DA:11,2
DA:13,1
DA:14,1
DA:17,0
DA:18,0
DA:21,0
DA:23,0
DA:29,0
DA:30,0
DA:31,0
DA:32,0
DA:34,0
DA:40,0
DA:41,0
DA:42,0
DA:44,0
DA:50,0
DA:51,0
DA:52,0
DA:53,0
DA:55,0
DA:56,0
DA:58,0
DA:61,0
DA:63,0
DA:69,2
DA:70,2
DA:71,2
DA:72,0
DA:74,2
DA:75,1
DA:78,1
DA:79,1
DA:80,1
DA:82,1
DA:89,1
DA:90,1
DA:92,1
DA:93,1
DA:95,0
DA:101,0
DA:102,0
DA:103,0
DA:104,0
DA:106,0
DA:107,0
DA:109,0
DA:110,0
DA:112,0
DA:116,1
LF:56
LH:23
BRDA:8,0,0,1
BRDA:8,0,1,2
BRDA:11,1,0,1
BRDA:11,1,1,1
BRDA:13,2,0,1
BRDA:13,2,1,0
BRDA:13,3,0,1
BRDA:13,3,1,1
BRDA:52,4,0,0
BRDA:52,4,1,0
BRDA:55,5,0,0
BRDA:55,5,1,0
BRDA:71,6,0,0
BRDA:71,6,1,2
BRDA:74,7,0,1
BRDA:74,7,1,1
BRDA:103,8,0,0
BRDA:103,8,1,0
BRDA:106,9,0,0
BRDA:106,9,1,0
BRF:20
BRH:10
end_of_record
TN:
SF:src\middleware\auth.js
FN:3,authenticate
FNF:1
FNH:1
FNDA:5,authenticate
DA:1,1
DA:4,5
DA:5,5
DA:6,0
DA:9,5
DA:10,5
DA:12,5
DA:14,5
DA:15,5
DA:18,1
LF:10
LH:9
BRDA:5,0,0,0
BRDA:5,0,1,5
BRDA:5,1,0,5
BRDA:5,1,1,5
BRDA:12,2,0,0
BRDA:12,2,1,5
BRDA:12,3,0,5
BRDA:12,3,1,5
BRF:8
BRH:6
end_of_record
TN:
SF:src\repositories\SessionRepository.js
FN:17,(anonymous_0)
FN:38,(anonymous_1)
FN:45,(anonymous_2)
FN:71,(anonymous_3)
FN:94,(anonymous_4)
FN:109,(anonymous_5)
FN:124,(anonymous_6)
FNF:7
FNH:4
FNDA:2,(anonymous_0)
FNDA:0,(anonymous_1)
FNDA:0,(anonymous_2)
FNDA:0,(anonymous_3)
FNDA:1,(anonymous_4)
FNDA:2,(anonymous_5)
FNDA:1,(anonymous_6)
DA:9,1
DA:10,1
DA:18,2
DA:31,2
DA:32,2
DA:39,0
DA:44,0
DA:45,0
DA:46,0
DA:48,0
DA:61,0
DA:63,0
DA:64,0
DA:65,0
DA:72,0
DA:74,0
DA:87,0
DA:88,0
DA:95,1
DA:102,1
DA:103,1
DA:110,2
DA:117,2
DA:118,1
DA:125,1
DA:130,1
DA:134,1
LF:27
LH:14
BRDA:31,0,0,0
BRDA:31,0,1,2
BRDA:38,1,0,0
BRDA:44,2,0,0
BRDA:44,2,1,0
BRDA:45,3,0,0
BRDA:45,3,1,0
BRDA:46,4,0,0
BRDA:46,4,1,0
BRDA:61,5,0,0
BRDA:61,5,1,0
BRDA:64,6,0,0
BRDA:64,6,1,0
BRDA:87,7,0,0
BRDA:87,7,1,0
BRDA:94,8,0,0
BRDA:102,9,0,0
BRDA:102,9,1,1
BRDA:117,10,0,1
BRDA:117,10,1,1
BRDA:130,11,0,0
BRDA:130,11,1,1
BRF:22
BRH:5
end_of_record
TN:
SF:src\routes\sessions.js
FN:15,(anonymous_0)
FNF:1
FNH:0
FNDA:0,(anonymous_0)
DA:1,1
DA:2,1
DA:10,1
DA:11,1
DA:15,1
DA:16,0
DA:17,0
DA:19,0
DA:21,0
DA:22,0
DA:25,0
DA:29,1
DA:32,1
DA:35,1
DA:38,1
DA:41,1
DA:44,1
DA:45,1
LF:18
LH:12
BRDA:17,0,0,0
BRDA:17,0,1,0
BRDA:21,1,0,0
BRDA:21,1,1,0
BRF:4
BRH:0
end_of_record
