{"C:\\Users\\Nah Nah Sylvestre\\Documents\\school\\Software Architecture\\project docs\\SkillBridge\\Skill-Bridge\\Services\\matching-service\\src\\index.js": {"path":"C:\\Users\\Nah Nah Sylvestre\\Documents\\school\\Software Architecture\\project docs\\SkillBridge\\Skill-Bridge\\Services\\matching-service\\src\\index.js","statementMap":{"0":{"start":{"line":1,"column":0},"end":{"line":1,"column":27}},"1":{"start":{"line":2,"column":19},"end":{"line":2,"column":37}},"2":{"start":{"line":3,"column":19},"end":{"line":3,"column":36}},"3":{"start":{"line":4,"column":19},"end":{"line":4,"column":34}},"4":{"start":{"line":5,"column":19},"end":{"line":5,"column":36}},"5":{"start":{"line":6,"column":31},"end":{"line":6,"column":58}},"6":{"start":{"line":8,"column":20},"end":{"line":8,"column":47}},"7":{"start":{"line":10,"column":13},"end":{"line":10,"column":22}},"8":{"start":{"line":11,"column":13},"end":{"line":11,"column":37}},"9":{"start":{"line":14,"column":0},"end":{"line":14,"column":18}},"10":{"start":{"line":15,"column":0},"end":{"line":15,"column":16}},"11":{"start":{"line":16,"column":0},"end":{"line":16,"column":28}},"12":{"start":{"line":17,"column":0},"end":{"line":17,"column":24}},"13":{"start":{"line":20,"column":0},"end":{"line":22,"column":3}},"14":{"start":{"line":21,"column":2},"end":{"line":21,"column":95}},"15":{"start":{"line":25,"column":0},"end":{"line":25,"column":38}},"16":{"start":{"line":28,"column":0},"end":{"line":30,"column":3}},"17":{"start":{"line":29,"column":2},"end":{"line":29,"column":53}},"18":{"start":{"line":33,"column":0},"end":{"line":36,"column":3}},"19":{"start":{"line":34,"column":2},"end":{"line":34,"column":27}},"20":{"start":{"line":35,"column":2},"end":{"line":35,"column":81}},"21":{"start":{"line":39,"column":0},"end":{"line":49,"column":1}},"22":{"start":{"line":40,"column":2},"end":{"line":48,"column":5}},"23":{"start":{"line":41,"column":4},"end":{"line":41,"column":60}},"24":{"start":{"line":42,"column":4},"end":{"line":47,"column":5}},"25":{"start":{"line":43,"column":6},"end":{"line":43,"column":33}},"26":{"start":{"line":44,"column":6},"end":{"line":44,"column":44}},"27":{"start":{"line":46,"column":6},"end":{"line":46,"column":68}},"28":{"start":{"line":51,"column":0},"end":{"line":51,"column":21}}},"fnMap":{"0":{"name":"(anonymous_0)","decl":{"start":{"line":20,"column":19},"end":{"line":20,"column":20}},"loc":{"start":{"line":20,"column":33},"end":{"line":22,"column":1}},"line":20},"1":{"name":"(anonymous_1)","decl":{"start":{"line":28,"column":8},"end":{"line":28,"column":9}},"loc":{"start":{"line":28,"column":22},"end":{"line":30,"column":1}},"line":28},"2":{"name":"(anonymous_2)","decl":{"start":{"line":33,"column":8},"end":{"line":33,"column":9}},"loc":{"start":{"line":33,"column":33},"end":{"line":36,"column":1}},"line":33},"3":{"name":"(anonymous_3)","decl":{"start":{"line":40,"column":19},"end":{"line":40,"column":20}},"loc":{"start":{"line":40,"column":31},"end":{"line":48,"column":3}},"line":40}},"branchMap":{"0":{"loc":{"start":{"line":11,"column":13},"end":{"line":11,"column":37}},"type":"binary-expr","locations":[{"start":{"line":11,"column":13},"end":{"line":11,"column":29}},{"start":{"line":11,"column":33},"end":{"line":11,"column":37}}],"line":11},"1":{"loc":{"start":{"line":39,"column":0},"end":{"line":49,"column":1}},"type":"if","locations":[{"start":{"line":39,"column":0},"end":{"line":49,"column":1}},{"start":{},"end":{}}],"line":39}},"s":{"0":1,"1":1,"2":1,"3":1,"4":1,"5":1,"6":1,"7":1,"8":1,"9":1,"10":1,"11":1,"12":1,"13":1,"14":1,"15":1,"16":1,"17":1,"18":1,"19":0,"20":0,"21":1,"22":0,"23":0,"24":0,"25":0,"26":0,"27":0,"28":1},"f":{"0":1,"1":1,"2":0,"3":0},"b":{"0":[1,1],"1":[0,1]},"_coverageSchema":"1a1c01bbd47fc00a2c39e90264f33305004495a9","hash":"a2b690251038bb4b5fcb87ec23d24aa548418c70"}
,"C:\\Users\\Nah Nah Sylvestre\\Documents\\school\\Software Architecture\\project docs\\SkillBridge\\Skill-Bridge\\Services\\matching-service\\src\\algorithm\\matcher.js": {"path":"C:\\Users\\Nah Nah Sylvestre\\Documents\\school\\Software Architecture\\project docs\\SkillBridge\\Skill-Bridge\\Services\\matching-service\\src\\algorithm\\matcher.js","statementMap":{"0":{"start":{"line":19,"column":14},"end":{"line":19,"column":16}},"1":{"start":{"line":23,"column":14},"end":{"line":23,"column":77}},"2":{"start":{"line":24,"column":2},"end":{"line":32,"column":3}},"3":{"start":{"line":25,"column":4},"end":{"line":25,"column":16}},"4":{"start":{"line":26,"column":9},"end":{"line":32,"column":3}},"5":{"start":{"line":27,"column":4},"end":{"line":27,"column":16}},"6":{"start":{"line":28,"column":9},"end":{"line":32,"column":3}},"7":{"start":{"line":29,"column":4},"end":{"line":29,"column":15}},"8":{"start":{"line":30,"column":9},"end":{"line":32,"column":3}},"9":{"start":{"line":31,"column":4},"end":{"line":31,"column":15}},"10":{"start":{"line":35,"column":2},"end":{"line":44,"column":3}},"11":{"start":{"line":36,"column":4},"end":{"line":43,"column":5}},"12":{"start":{"line":37,"column":6},"end":{"line":37,"column":18}},"13":{"start":{"line":40,"column":28},"end":{"line":40,"column":58}},"14":{"start":{"line":41,"column":28},"end":{"line":41,"column":58}},"15":{"start":{"line":42,"column":6},"end":{"line":42,"column":55}},"16":{"start":{"line":42,"column":43},"end":{"line":42,"column":55}},"17":{"start":{"line":46,"column":2},"end":{"line":46,"column":30}},"18":{"start":{"line":59,"column":21},"end":{"line":59,"column":69}},"19":{"start":{"line":59,"column":58},"end":{"line":59,"column":67}},"20":{"start":{"line":60,"column":21},"end":{"line":60,"column":42}},"21":{"start":{"line":61,"column":2},"end":{"line":61,"column":26}},"22":{"start":{"line":61,"column":16},"end":{"line":61,"column":26}},"23":{"start":{"line":64,"column":22},"end":{"line":66,"column":3}},"24":{"start":{"line":65,"column":9},"end":{"line":65,"column":77}},"25":{"start":{"line":69,"column":23},"end":{"line":71,"column":3}},"26":{"start":{"line":70,"column":29},"end":{"line":70,"column":76}},"27":{"start":{"line":73,"column":21},"end":{"line":73,"column":23}},"28":{"start":{"line":75,"column":2},"end":{"line":104,"column":3}},"29":{"start":{"line":77,"column":29},"end":{"line":83,"column":5}},"30":{"start":{"line":79,"column":8},"end":{"line":82,"column":20}},"31":{"start":{"line":85,"column":4},"end":{"line":103,"column":5}},"32":{"start":{"line":86,"column":18},"end":{"line":86,"column":81}},"33":{"start":{"line":87,"column":6},"end":{"line":87,"column":42}},"34":{"start":{"line":87,"column":33},"end":{"line":87,"column":42}},"35":{"start":{"line":89,"column":22},"end":{"line":89,"column":54}},"36":{"start":{"line":90,"column":6},"end":{"line":90,"column":29}},"37":{"start":{"line":90,"column":20},"end":{"line":90,"column":29}},"38":{"start":{"line":92,"column":20},"end":{"line":92,"column":85}},"39":{"start":{"line":95,"column":6},"end":{"line":102,"column":7}},"40":{"start":{"line":96,"column":8},"end":{"line":101,"column":11}},"41":{"start":{"line":107,"column":2},"end":{"line":107,"column":66}},"42":{"start":{"line":107,"column":35},"end":{"line":107,"column":64}},"43":{"start":{"line":110,"column":0},"end":{"line":110,"column":54}}},"fnMap":{"0":{"name":"calculateMatchScore","decl":{"start":{"line":18,"column":9},"end":{"line":18,"column":28}},"loc":{"start":{"line":18,"column":75},"end":{"line":47,"column":1}},"line":18},"1":{"name":"findMatches","decl":{"start":{"line":58,"column":9},"end":{"line":58,"column":20}},"loc":{"start":{"line":58,"column":92},"end":{"line":108,"column":1}},"line":58},"2":{"name":"(anonymous_2)","decl":{"start":{"line":59,"column":53},"end":{"line":59,"column":54}},"loc":{"start":{"line":59,"column":58},"end":{"line":59,"column":67}},"line":59},"3":{"name":"(anonymous_3)","decl":{"start":{"line":65,"column":4},"end":{"line":65,"column":5}},"loc":{"start":{"line":65,"column":9},"end":{"line":65,"column":77}},"line":65},"4":{"name":"(anonymous_4)","decl":{"start":{"line":70,"column":24},"end":{"line":70,"column":25}},"loc":{"start":{"line":70,"column":29},"end":{"line":70,"column":76}},"line":70},"5":{"name":"(anonymous_5)","decl":{"start":{"line":78,"column":6},"end":{"line":78,"column":7}},"loc":{"start":{"line":79,"column":8},"end":{"line":82,"column":20}},"line":79},"6":{"name":"(anonymous_6)","decl":{"start":{"line":107,"column":25},"end":{"line":107,"column":26}},"loc":{"start":{"line":107,"column":35},"end":{"line":107,"column":64}},"line":107}},"branchMap":{"0":{"loc":{"start":{"line":24,"column":2},"end":{"line":32,"column":3}},"type":"if","locations":[{"start":{"line":24,"column":2},"end":{"line":32,"column":3}},{"start":{"line":26,"column":9},"end":{"line":32,"column":3}}],"line":24},"1":{"loc":{"start":{"line":24,"column":6},"end":{"line":24,"column":26}},"type":"binary-expr","locations":[{"start":{"line":24,"column":6},"end":{"line":24,"column":14}},{"start":{"line":24,"column":18},"end":{"line":24,"column":26}}],"line":24},"2":{"loc":{"start":{"line":26,"column":9},"end":{"line":32,"column":3}},"type":"if","locations":[{"start":{"line":26,"column":9},"end":{"line":32,"column":3}},{"start":{"line":28,"column":9},"end":{"line":32,"column":3}}],"line":26},"3":{"loc":{"start":{"line":28,"column":9},"end":{"line":32,"column":3}},"type":"if","locations":[{"start":{"line":28,"column":9},"end":{"line":32,"column":3}},{"start":{"line":30,"column":9},"end":{"line":32,"column":3}}],"line":28},"4":{"loc":{"start":{"line":30,"column":9},"end":{"line":32,"column":3}},"type":"if","locations":[{"start":{"line":30,"column":9},"end":{"line":32,"column":3}},{"start":{},"end":{}}],"line":30},"5":{"loc":{"start":{"line":35,"column":2},"end":{"line":44,"column":3}},"type":"if","locations":[{"start":{"line":35,"column":2},"end":{"line":44,"column":3}},{"start":{},"end":{}}],"line":35},"6":{"loc":{"start":{"line":35,"column":6},"end":{"line":35,"column":42}},"type":"binary-expr","locations":[{"start":{"line":35,"column":6},"end":{"line":35,"column":22}},{"start":{"line":35,"column":26},"end":{"line":35,"column":42}}],"line":35},"7":{"loc":{"start":{"line":36,"column":4},"end":{"line":43,"column":5}},"type":"if","locations":[{"start":{"line":36,"column":4},"end":{"line":43,"column":5}},{"start":{"line":38,"column":11},"end":{"line":43,"column":5}}],"line":36},"8":{"loc":{"start":{"line":42,"column":6},"end":{"line":42,"column":55}},"type":"if","locations":[{"start":{"line":42,"column":6},"end":{"line":42,"column":55}},{"start":{},"end":{}}],"line":42},"9":{"loc":{"start":{"line":61,"column":2},"end":{"line":61,"column":26}},"type":"if","locations":[{"start":{"line":61,"column":2},"end":{"line":61,"column":26}},{"start":{},"end":{}}],"line":61},"10":{"loc":{"start":{"line":65,"column":9},"end":{"line":65,"column":77}},"type":"binary-expr","locations":[{"start":{"line":65,"column":10},"end":{"line":65,"column":28}},{"start":{"line":65,"column":32},"end":{"line":65,"column":49}},{"start":{"line":65,"column":54},"end":{"line":65,"column":77}}],"line":65},"11":{"loc":{"start":{"line":79,"column":8},"end":{"line":82,"column":20}},"type":"binary-expr","locations":[{"start":{"line":79,"column":8},"end":{"line":79,"column":45}},{"start":{"line":80,"column":8},"end":{"line":80,"column":33}},{"start":{"line":81,"column":9},"end":{"line":81,"column":28}},{"start":{"line":81,"column":32},"end":{"line":81,"column":50}},{"start":{"line":82,"column":8},"end":{"line":82,"column":20}}],"line":79},"12":{"loc":{"start":{"line":87,"column":6},"end":{"line":87,"column":42}},"type":"if","locations":[{"start":{"line":87,"column":6},"end":{"line":87,"column":42}},{"start":{},"end":{}}],"line":87},"13":{"loc":{"start":{"line":90,"column":6},"end":{"line":90,"column":29}},"type":"if","locations":[{"start":{"line":90,"column":6},"end":{"line":90,"column":29}},{"start":{},"end":{}}],"line":90},"14":{"loc":{"start":{"line":95,"column":6},"end":{"line":102,"column":7}},"type":"if","locations":[{"start":{"line":95,"column":6},"end":{"line":102,"column":7}},{"start":{},"end":{}}],"line":95}},"s":{"0":10,"1":10,"2":10,"3":9,"4":1,"5":0,"6":1,"7":0,"8":1,"9":1,"10":10,"11":9,"12":4,"13":5,"14":5,"15":5,"16":1,"17":10,"18":4,"19":12,"20":4,"21":4,"22":1,"23":3,"24":9,"25":3,"26":1,"27":3,"28":3,"29":3,"30":9,"31":3,"32":6,"33":6,"34":1,"35":5,"36":5,"37":0,"38":5,"39":5,"40":5,"41":3,"42":2,"43":1},"f":{"0":10,"1":4,"2":12,"3":9,"4":1,"5":9,"6":2},"b":{"0":[9,1],"1":[10,9],"2":[0,1],"3":[0,1],"4":[1,0],"5":[9,1],"6":[10,9],"7":[4,5],"8":[1,4],"9":[1,3],"10":[9,6,3],"11":[9,9,6,0,6],"12":[1,5],"13":[0,5],"14":[5,0]},"_coverageSchema":"1a1c01bbd47fc00a2c39e90264f33305004495a9","hash":"04c01cc2cbd1fe65d58726ef0ea27cf3473de4df"}
,"C:\\Users\\Nah Nah Sylvestre\\Documents\\school\\Software Architecture\\project docs\\SkillBridge\\Skill-Bridge\\Services\\matching-service\\src\\controllers\\matchController.js": {"path":"C:\\Users\\Nah Nah Sylvestre\\Documents\\school\\Software Architecture\\project docs\\SkillBridge\\Skill-Bridge\\Services\\matching-service\\src\\controllers\\matchController.js","statementMap":{"0":{"start":{"line":1,"column":24},"end":{"line":1,"column":52}},"1":{"start":{"line":2,"column":24},"end":{"line":2,"column":55}},"2":{"start":{"line":6,"column":21},"end":{"line":6,"column":31}},"3":{"start":{"line":8,"column":2},"end":{"line":55,"column":3}},"4":{"start":{"line":14,"column":8},"end":{"line":19,"column":6}},"5":{"start":{"line":21,"column":4},"end":{"line":21,"column":62}},"6":{"start":{"line":21,"column":23},"end":{"line":21,"column":62}},"7":{"start":{"line":22,"column":4},"end":{"line":22,"column":60}},"8":{"start":{"line":22,"column":23},"end":{"line":22,"column":60}},"9":{"start":{"line":23,"column":4},"end":{"line":23,"column":61}},"10":{"start":{"line":23,"column":23},"end":{"line":23,"column":61}},"11":{"start":{"line":26,"column":23},"end":{"line":32,"column":5}},"12":{"start":{"line":34,"column":4},"end":{"line":36,"column":5}},"13":{"start":{"line":35,"column":6},"end":{"line":35,"column":72}},"14":{"start":{"line":39,"column":26},"end":{"line":39,"column":48}},"15":{"start":{"line":40,"column":53},"end":{"line":43,"column":42}},"16":{"start":{"line":45,"column":4},"end":{"line":45,"column":58}},"17":{"start":{"line":45,"column":21},"end":{"line":45,"column":58}},"18":{"start":{"line":47,"column":4},"end":{"line":50,"column":7}},"19":{"start":{"line":53,"column":4},"end":{"line":53,"column":50}},"20":{"start":{"line":54,"column":4},"end":{"line":54,"column":49}},"21":{"start":{"line":60,"column":21},"end":{"line":60,"column":31}},"22":{"start":{"line":61,"column":21},"end":{"line":61,"column":30}},"23":{"start":{"line":63,"column":14},"end":{"line":72,"column":47}},"24":{"start":{"line":74,"column":2},"end":{"line":74,"column":49}},"25":{"start":{"line":74,"column":14},"end":{"line":74,"column":49}},"26":{"start":{"line":76,"column":26},"end":{"line":76,"column":37}},"27":{"start":{"line":77,"column":2},"end":{"line":77,"column":67}},"28":{"start":{"line":77,"column":13},"end":{"line":77,"column":67}},"29":{"start":{"line":78,"column":2},"end":{"line":78,"column":17}},"30":{"start":{"line":83,"column":21},"end":{"line":83,"column":30}},"31":{"start":{"line":85,"column":14},"end":{"line":94,"column":46}},"32":{"start":{"line":96,"column":2},"end":{"line":96,"column":49}},"33":{"start":{"line":96,"column":14},"end":{"line":96,"column":49}},"34":{"start":{"line":98,"column":26},"end":{"line":98,"column":37}},"35":{"start":{"line":99,"column":2},"end":{"line":99,"column":67}},"36":{"start":{"line":99,"column":13},"end":{"line":99,"column":67}},"37":{"start":{"line":100,"column":2},"end":{"line":100,"column":17}},"38":{"start":{"line":105,"column":22},"end":{"line":105,"column":32}},"39":{"start":{"line":106,"column":22},"end":{"line":106,"column":30}},"40":{"start":{"line":108,"column":24},"end":{"line":108,"column":48}},"41":{"start":{"line":109,"column":2},"end":{"line":111,"column":3}},"42":{"start":{"line":110,"column":4},"end":{"line":110,"column":82}},"43":{"start":{"line":114,"column":44},"end":{"line":118,"column":13}},"44":{"start":{"line":120,"column":2},"end":{"line":120,"column":85}},"45":{"start":{"line":120,"column":27},"end":{"line":120,"column":85}},"46":{"start":{"line":122,"column":2},"end":{"line":124,"column":3}},"47":{"start":{"line":123,"column":4},"end":{"line":123,"column":82}},"48":{"start":{"line":126,"column":26},"end":{"line":131,"column":13}},"49":{"start":{"line":133,"column":2},"end":{"line":133,"column":67}},"50":{"start":{"line":133,"column":13},"end":{"line":133,"column":67}},"51":{"start":{"line":134,"column":2},"end":{"line":134,"column":17}},"52":{"start":{"line":137,"column":0},"end":{"line":137,"column":89}}},"fnMap":{"0":{"name":"runMatchingForUser","decl":{"start":{"line":5,"column":15},"end":{"line":5,"column":33}},"loc":{"start":{"line":5,"column":44},"end":{"line":56,"column":1}},"line":5},"1":{"name":"getUserMatches","decl":{"start":{"line":59,"column":15},"end":{"line":59,"column":29}},"loc":{"start":{"line":59,"column":40},"end":{"line":79,"column":1}},"line":59},"2":{"name":"getMyMatches","decl":{"start":{"line":82,"column":15},"end":{"line":82,"column":27}},"loc":{"start":{"line":82,"column":38},"end":{"line":101,"column":1}},"line":82},"3":{"name":"updateMatchStatus","decl":{"start":{"line":104,"column":15},"end":{"line":104,"column":32}},"loc":{"start":{"line":104,"column":43},"end":{"line":135,"column":1}},"line":104}},"branchMap":{"0":{"loc":{"start":{"line":21,"column":4},"end":{"line":21,"column":62}},"type":"if","locations":[{"start":{"line":21,"column":4},"end":{"line":21,"column":62}},{"start":{},"end":{}}],"line":21},"1":{"loc":{"start":{"line":22,"column":4},"end":{"line":22,"column":60}},"type":"if","locations":[{"start":{"line":22,"column":4},"end":{"line":22,"column":60}},{"start":{},"end":{}}],"line":22},"2":{"loc":{"start":{"line":23,"column":4},"end":{"line":23,"column":61}},"type":"if","locations":[{"start":{"line":23,"column":4},"end":{"line":23,"column":61}},{"start":{},"end":{}}],"line":23},"3":{"loc":{"start":{"line":31,"column":6},"end":{"line":31,"column":27}},"type":"binary-expr","locations":[{"start":{"line":31,"column":6},"end":{"line":31,"column":21}},{"start":{"line":31,"column":25},"end":{"line":31,"column":27}}],"line":31},"4":{"loc":{"start":{"line":34,"column":4},"end":{"line":36,"column":5}},"type":"if","locations":[{"start":{"line":34,"column":4},"end":{"line":36,"column":5}},{"start":{},"end":{}}],"line":34},"5":{"loc":{"start":{"line":45,"column":4},"end":{"line":45,"column":58}},"type":"if","locations":[{"start":{"line":45,"column":4},"end":{"line":45,"column":58}},{"start":{},"end":{}}],"line":45},"6":{"loc":{"start":{"line":74,"column":2},"end":{"line":74,"column":49}},"type":"if","locations":[{"start":{"line":74,"column":2},"end":{"line":74,"column":49}},{"start":{},"end":{}}],"line":74},"7":{"loc":{"start":{"line":77,"column":2},"end":{"line":77,"column":67}},"type":"if","locations":[{"start":{"line":77,"column":2},"end":{"line":77,"column":67}},{"start":{},"end":{}}],"line":77},"8":{"loc":{"start":{"line":96,"column":2},"end":{"line":96,"column":49}},"type":"if","locations":[{"start":{"line":96,"column":2},"end":{"line":96,"column":49}},{"start":{},"end":{}}],"line":96},"9":{"loc":{"start":{"line":99,"column":2},"end":{"line":99,"column":67}},"type":"if","locations":[{"start":{"line":99,"column":2},"end":{"line":99,"column":67}},{"start":{},"end":{}}],"line":99},"10":{"loc":{"start":{"line":109,"column":2},"end":{"line":111,"column":3}},"type":"if","locations":[{"start":{"line":109,"column":2},"end":{"line":111,"column":3}},{"start":{},"end":{}}],"line":109},"11":{"loc":{"start":{"line":120,"column":2},"end":{"line":120,"column":85}},"type":"if","locations":[{"start":{"line":120,"column":2},"end":{"line":120,"column":85}},{"start":{},"end":{}}],"line":120},"12":{"loc":{"start":{"line":120,"column":6},"end":{"line":120,"column":25}},"type":"binary-expr","locations":[{"start":{"line":120,"column":6},"end":{"line":120,"column":15}},{"start":{"line":120,"column":19},"end":{"line":120,"column":25}}],"line":120},"13":{"loc":{"start":{"line":122,"column":2},"end":{"line":124,"column":3}},"type":"if","locations":[{"start":{"line":122,"column":2},"end":{"line":124,"column":3}},{"start":{},"end":{}}],"line":122},"14":{"loc":{"start":{"line":122,"column":6},"end":{"line":122,"column":74}},"type":"binary-expr","locations":[{"start":{"line":122,"column":6},"end":{"line":122,"column":38}},{"start":{"line":122,"column":42},"end":{"line":122,"column":74}}],"line":122},"15":{"loc":{"start":{"line":133,"column":2},"end":{"line":133,"column":67}},"type":"if","locations":[{"start":{"line":133,"column":2},"end":{"line":133,"column":67}},{"start":{},"end":{}}],"line":133}},"s":{"0":1,"1":1,"2":0,"3":0,"4":0,"5":0,"6":0,"7":0,"8":0,"9":0,"10":0,"11":0,"12":0,"13":0,"14":0,"15":0,"16":0,"17":0,"18":0,"19":0,"20":0,"21":0,"22":0,"23":0,"24":0,"25":0,"26":0,"27":0,"28":0,"29":0,"30":0,"31":0,"32":0,"33":0,"34":0,"35":0,"36":0,"37":0,"38":0,"39":0,"40":0,"41":0,"42":0,"43":0,"44":0,"45":0,"46":0,"47":0,"48":0,"49":0,"50":0,"51":0,"52":1},"f":{"0":0,"1":0,"2":0,"3":0},"b":{"0":[0,0],"1":[0,0],"2":[0,0],"3":[0,0],"4":[0,0],"5":[0,0],"6":[0,0],"7":[0,0],"8":[0,0],"9":[0,0],"10":[0,0],"11":[0,0],"12":[0,0],"13":[0,0],"14":[0,0],"15":[0,0]},"_coverageSchema":"1a1c01bbd47fc00a2c39e90264f33305004495a9","hash":"77c1bd25afc772582ad97f9d842c88118e60ce70"}
,"C:\\Users\\Nah Nah Sylvestre\\Documents\\school\\Software Architecture\\project docs\\SkillBridge\\Skill-Bridge\\Services\\matching-service\\src\\middleware\\auth.js": {"path":"C:\\Users\\Nah Nah Sylvestre\\Documents\\school\\Software Architecture\\project docs\\SkillBridge\\Skill-Bridge\\Services\\matching-service\\src\\middleware\\auth.js","statementMap":{"0":{"start":{"line":1,"column":17},"end":{"line":1,"column":45}},"1":{"start":{"line":4,"column":21},"end":{"line":4,"column":46}},"2":{"start":{"line":5,"column":2},"end":{"line":7,"column":3}},"3":{"start":{"line":6,"column":4},"end":{"line":6,"column":86}},"4":{"start":{"line":9,"column":16},"end":{"line":9,"column":40}},"5":{"start":{"line":10,"column":36},"end":{"line":10,"column":70}},"6":{"start":{"line":12,"column":2},"end":{"line":12,"column":89}},"7":{"start":{"line":12,"column":22},"end":{"line":12,"column":89}},"8":{"start":{"line":14,"column":2},"end":{"line":14,"column":18}},"9":{"start":{"line":15,"column":2},"end":{"line":15,"column":9}},"10":{"start":{"line":18,"column":0},"end":{"line":18,"column":34}}},"fnMap":{"0":{"name":"authenticate","decl":{"start":{"line":3,"column":15},"end":{"line":3,"column":27}},"loc":{"start":{"line":3,"column":44},"end":{"line":16,"column":1}},"line":3}},"branchMap":{"0":{"loc":{"start":{"line":5,"column":2},"end":{"line":7,"column":3}},"type":"if","locations":[{"start":{"line":5,"column":2},"end":{"line":7,"column":3}},{"start":{},"end":{}}],"line":5},"1":{"loc":{"start":{"line":5,"column":6},"end":{"line":5,"column":54}},"type":"binary-expr","locations":[{"start":{"line":5,"column":6},"end":{"line":5,"column":17}},{"start":{"line":5,"column":21},"end":{"line":5,"column":54}}],"line":5},"2":{"loc":{"start":{"line":12,"column":2},"end":{"line":12,"column":89}},"type":"if","locations":[{"start":{"line":12,"column":2},"end":{"line":12,"column":89}},{"start":{},"end":{}}],"line":12},"3":{"loc":{"start":{"line":12,"column":6},"end":{"line":12,"column":20}},"type":"binary-expr","locations":[{"start":{"line":12,"column":6},"end":{"line":12,"column":11}},{"start":{"line":12,"column":15},"end":{"line":12,"column":20}}],"line":12}},"s":{"0":1,"1":0,"2":0,"3":0,"4":0,"5":0,"6":0,"7":0,"8":0,"9":0,"10":1},"f":{"0":0},"b":{"0":[0,0],"1":[0,0],"2":[0,0],"3":[0,0]},"_coverageSchema":"1a1c01bbd47fc00a2c39e90264f33305004495a9","hash":"c0be8039438223ba71277101a68da9d0238f0253"}
,"C:\\Users\\Nah Nah Sylvestre\\Documents\\school\\Software Architecture\\project docs\\SkillBridge\\Skill-Bridge\\Services\\matching-service\\src\\routes\\matches.js": {"path":"C:\\Users\\Nah Nah Sylvestre\\Documents\\school\\Software Architecture\\project docs\\SkillBridge\\Skill-Bridge\\Services\\matching-service\\src\\routes\\matches.js","statementMap":{"0":{"start":{"line":1,"column":15},"end":{"line":1,"column":42}},"1":{"start":{"line":2,"column":25},"end":{"line":2,"column":54}},"2":{"start":{"line":8,"column":4},"end":{"line":8,"column":45}},"3":{"start":{"line":11,"column":0},"end":{"line":11,"column":70}},"4":{"start":{"line":14,"column":0},"end":{"line":14,"column":64}},"5":{"start":{"line":17,"column":0},"end":{"line":17,"column":66}},"6":{"start":{"line":20,"column":0},"end":{"line":20,"column":69}},"7":{"start":{"line":22,"column":0},"end":{"line":22,"column":24}}},"fnMap":{},"branchMap":{},"s":{"0":1,"1":1,"2":1,"3":1,"4":1,"5":1,"6":1,"7":1},"f":{},"b":{},"_coverageSchema":"1a1c01bbd47fc00a2c39e90264f33305004495a9","hash":"ab2fab82004edab137db0e630215dedab332defb"}
}
