TN:
SF:src\index.js
FN:20,(anonymous_0)
FN:28,(anonymous_1)
FN:33,(anonymous_2)
FN:40,(anonymous_3)
FNF:4
FNH:2
FNDA:1,(anonymous_0)
FNDA:1,(anonymous_1)
FNDA:0,(anonymous_2)
FNDA:0,(anonymous_3)
DA:1,1
DA:2,1
DA:3,1
DA:4,1
DA:5,1
DA:6,1
DA:8,1
DA:10,1
DA:11,1
DA:14,1
DA:15,1
DA:16,1
DA:17,1
DA:20,1
DA:21,1
DA:25,1
DA:28,1
DA:29,1
DA:33,1
DA:34,0
DA:35,0
DA:39,1
DA:40,0
DA:41,0
DA:42,0
DA:43,0
DA:44,0
DA:46,0
DA:51,1
LF:29
LH:21
BRDA:11,0,0,1
BRDA:11,0,1,1
BRDA:39,1,0,0
BRDA:39,1,1,1
BRF:4
BRH:3
end_of_record
TN:
SF:src\algorithm\matcher.js
FN:18,calculateMatchScore
FN:58,findMatches
FN:59,(anonymous_2)
FN:65,(anonymous_3)
FN:70,(anonymous_4)
FN:78,(anonymous_5)
FN:107,(anonymous_6)
FNF:7
FNH:7
FNDA:10,calculateMatchScore
FNDA:4,findMatches
FNDA:12,(anonymous_2)
FNDA:9,(anonymous_3)
FNDA:1,(anonymous_4)
FNDA:9,(anonymous_5)
FNDA:2,(anonymous_6)
DA:19,10
DA:23,10
DA:24,10
DA:25,9
DA:26,1
DA:27,0
DA:28,1
DA:29,0
DA:30,1
DA:31,1
DA:35,10
DA:36,9
DA:37,4
DA:40,5
DA:41,5
DA:42,5
DA:46,10
DA:59,12
DA:60,4
DA:61,4
DA:64,3
DA:65,9
DA:69,3
DA:70,1
DA:73,3
DA:75,3
DA:77,3
DA:79,9
DA:85,3
DA:86,6
DA:87,6
DA:89,5
DA:90,5
DA:92,5
DA:95,5
DA:96,5
DA:107,3
DA:110,1
LF:38
LH:36
BRDA:24,0,0,9
BRDA:24,0,1,1
BRDA:24,1,0,10
BRDA:24,1,1,9
BRDA:26,2,0,0
BRDA:26,2,1,1
BRDA:28,3,0,0
BRDA:28,3,1,1
BRDA:30,4,0,1
BRDA:30,4,1,0
BRDA:35,5,0,9
BRDA:35,5,1,1
BRDA:35,6,0,10
BRDA:35,6,1,9
BRDA:36,7,0,4
BRDA:36,7,1,5
BRDA:42,8,0,1
BRDA:42,8,1,4
BRDA:61,9,0,1
BRDA:61,9,1,3
BRDA:65,10,0,9
BRDA:65,10,1,6
BRDA:65,10,2,3
BRDA:79,11,0,9
BRDA:79,11,1,9
BRDA:79,11,2,6
BRDA:79,11,3,0
BRDA:79,11,4,6
BRDA:87,12,0,1
BRDA:87,12,1,5
BRDA:90,13,0,0
BRDA:90,13,1,5
BRDA:95,14,0,5
BRDA:95,14,1,0
BRF:34
BRH:28
end_of_record
TN:
SF:src\controllers\matchController.js
FN:5,runMatchingForUser
FN:59,getUserMatches
FN:82,getMyMatches
FN:104,updateMatchStatus
FNF:4
FNH:0
FNDA:0,runMatchingForUser
FNDA:0,getUserMatches
FNDA:0,getMyMatches
FNDA:0,updateMatchStatus
DA:1,1
DA:2,1
DA:6,0
DA:8,0
DA:14,0
DA:21,0
DA:22,0
DA:23,0
DA:26,0
DA:34,0
DA:35,0
DA:39,0
DA:40,0
DA:45,0
DA:47,0
DA:53,0
DA:54,0
DA:60,0
DA:61,0
DA:63,0
DA:74,0
DA:76,0
DA:77,0
DA:78,0
DA:83,0
DA:85,0
DA:96,0
DA:98,0
DA:99,0
DA:100,0
DA:105,0
DA:106,0
DA:108,0
DA:109,0
DA:110,0
DA:114,0
DA:120,0
DA:122,0
DA:123,0
DA:126,0
DA:133,0
DA:134,0
DA:137,1
LF:43
LH:3
BRDA:21,0,0,0
BRDA:21,0,1,0
BRDA:22,1,0,0
BRDA:22,1,1,0
BRDA:23,2,0,0
BRDA:23,2,1,0
BRDA:31,3,0,0
BRDA:31,3,1,0
BRDA:34,4,0,0
BRDA:34,4,1,0
BRDA:45,5,0,0
BRDA:45,5,1,0
BRDA:74,6,0,0
BRDA:74,6,1,0
BRDA:77,7,0,0
BRDA:77,7,1,0
BRDA:96,8,0,0
BRDA:96,8,1,0
BRDA:99,9,0,0
BRDA:99,9,1,0
BRDA:109,10,0,0
BRDA:109,10,1,0
BRDA:120,11,0,0
BRDA:120,11,1,0
BRDA:120,12,0,0
BRDA:120,12,1,0
BRDA:122,13,0,0
BRDA:122,13,1,0
BRDA:122,14,0,0
BRDA:122,14,1,0
BRDA:133,15,0,0
BRDA:133,15,1,0
BRF:32
BRH:0
end_of_record
TN:
SF:src\middleware\auth.js
FN:3,authenticate
FNF:1
FNH:0
FNDA:0,authenticate
DA:1,1
DA:4,0
DA:5,0
DA:6,0
DA:9,0
DA:10,0
DA:12,0
DA:14,0
DA:15,0
DA:18,1
LF:10
LH:2
BRDA:5,0,0,0
BRDA:5,0,1,0
BRDA:5,1,0,0
BRDA:5,1,1,0
BRDA:12,2,0,0
BRDA:12,2,1,0
BRDA:12,3,0,0
BRDA:12,3,1,0
BRF:8
BRH:0
end_of_record
TN:
SF:src\routes\matches.js
FNF:0
FNH:0
DA:1,1
DA:2,1
DA:8,1
DA:11,1
DA:14,1
DA:17,1
DA:20,1
DA:22,1
LF:8
LH:8
BRF:0
BRH:0
end_of_record
