{"C:\\Users\\Nah Nah Sylvestre\\Documents\\school\\Software Architecture\\project docs\\SkillBridge\\Skill-Bridge\\Services\\quiz-service\\src\\index.js": {"path":"C:\\Users\\Nah Nah Sylvestre\\Documents\\school\\Software Architecture\\project docs\\SkillBridge\\Skill-Bridge\\Services\\quiz-service\\src\\index.js","statementMap":{"0":{"start":{"line":1,"column":0},"end":{"line":1,"column":27}},"1":{"start":{"line":2,"column":16},"end":{"line":2,"column":34}},"2":{"start":{"line":3,"column":16},"end":{"line":3,"column":33}},"3":{"start":{"line":4,"column":16},"end":{"line":4,"column":31}},"4":{"start":{"line":5,"column":16},"end":{"line":5,"column":33}},"5":{"start":{"line":6,"column":31},"end":{"line":6,"column":58}},"6":{"start":{"line":8,"column":19},"end":{"line":8,"column":46}},"7":{"start":{"line":10,"column":13},"end":{"line":10,"column":22}},"8":{"start":{"line":11,"column":13},"end":{"line":11,"column":37}},"9":{"start":{"line":14,"column":0},"end":{"line":14,"column":18}},"10":{"start":{"line":15,"column":0},"end":{"line":15,"column":16}},"11":{"start":{"line":16,"column":0},"end":{"line":16,"column":28}},"12":{"start":{"line":17,"column":0},"end":{"line":17,"column":24}},"13":{"start":{"line":20,"column":0},"end":{"line":26,"column":3}},"14":{"start":{"line":21,"column":2},"end":{"line":25,"column":5}},"15":{"start":{"line":29,"column":0},"end":{"line":29,"column":36}},"16":{"start":{"line":32,"column":0},"end":{"line":34,"column":3}},"17":{"start":{"line":33,"column":2},"end":{"line":33,"column":53}},"18":{"start":{"line":37,"column":0},"end":{"line":40,"column":3}},"19":{"start":{"line":38,"column":2},"end":{"line":38,"column":27}},"20":{"start":{"line":39,"column":2},"end":{"line":39,"column":81}},"21":{"start":{"line":43,"column":0},"end":{"line":53,"column":1}},"22":{"start":{"line":44,"column":2},"end":{"line":52,"column":5}},"23":{"start":{"line":45,"column":4},"end":{"line":45,"column":56}},"24":{"start":{"line":46,"column":4},"end":{"line":51,"column":5}},"25":{"start":{"line":47,"column":6},"end":{"line":47,"column":33}},"26":{"start":{"line":48,"column":6},"end":{"line":48,"column":78}},"27":{"start":{"line":50,"column":6},"end":{"line":50,"column":68}},"28":{"start":{"line":55,"column":0},"end":{"line":55,"column":21}}},"fnMap":{"0":{"name":"(anonymous_0)","decl":{"start":{"line":20,"column":19},"end":{"line":20,"column":20}},"loc":{"start":{"line":20,"column":33},"end":{"line":26,"column":1}},"line":20},"1":{"name":"(anonymous_1)","decl":{"start":{"line":32,"column":8},"end":{"line":32,"column":9}},"loc":{"start":{"line":32,"column":22},"end":{"line":34,"column":1}},"line":32},"2":{"name":"(anonymous_2)","decl":{"start":{"line":37,"column":8},"end":{"line":37,"column":9}},"loc":{"start":{"line":37,"column":33},"end":{"line":40,"column":1}},"line":37},"3":{"name":"(anonymous_3)","decl":{"start":{"line":44,"column":19},"end":{"line":44,"column":20}},"loc":{"start":{"line":44,"column":31},"end":{"line":52,"column":3}},"line":44}},"branchMap":{"0":{"loc":{"start":{"line":11,"column":13},"end":{"line":11,"column":37}},"type":"binary-expr","locations":[{"start":{"line":11,"column":13},"end":{"line":11,"column":29}},{"start":{"line":11,"column":33},"end":{"line":11,"column":37}}],"line":11},"1":{"loc":{"start":{"line":43,"column":0},"end":{"line":53,"column":1}},"type":"if","locations":[{"start":{"line":43,"column":0},"end":{"line":53,"column":1}},{"start":{},"end":{}}],"line":43}},"s":{"0":1,"1":1,"2":1,"3":1,"4":1,"5":1,"6":1,"7":1,"8":1,"9":1,"10":1,"11":1,"12":1,"13":1,"14":1,"15":1,"16":1,"17":1,"18":1,"19":0,"20":0,"21":1,"22":0,"23":0,"24":0,"25":0,"26":0,"27":0,"28":1},"f":{"0":1,"1":1,"2":0,"3":0},"b":{"0":[1,1],"1":[0,1]},"_coverageSchema":"1a1c01bbd47fc00a2c39e90264f33305004495a9","hash":"500f83648ac107a1cab2b0b5d7850a49630085e2"}
,"C:\\Users\\Nah Nah Sylvestre\\Documents\\school\\Software Architecture\\project docs\\SkillBridge\\Skill-Bridge\\Services\\quiz-service\\src\\commands\\GenerateQuizCommand.js": {"path":"C:\\Users\\Nah Nah Sylvestre\\Documents\\school\\Software Architecture\\project docs\\SkillBridge\\Skill-Bridge\\Services\\quiz-service\\src\\commands\\GenerateQuizCommand.js","statementMap":{"0":{"start":{"line":6,"column":25},"end":{"line":6,"column":53}},"1":{"start":{"line":7,"column":25},"end":{"line":7,"column":55}},"2":{"start":{"line":11,"column":4},"end":{"line":11,"column":35}},"3":{"start":{"line":12,"column":4},"end":{"line":12,"column":33}},"4":{"start":{"line":13,"column":4},"end":{"line":13,"column":35}},"5":{"start":{"line":14,"column":4},"end":{"line":14,"column":39}},"6":{"start":{"line":19,"column":4},"end":{"line":19,"column":86}},"7":{"start":{"line":20,"column":21},"end":{"line":20,"column":78}},"8":{"start":{"line":23,"column":45},"end":{"line":32,"column":15}},"9":{"start":{"line":34,"column":4},"end":{"line":34,"column":79}},"10":{"start":{"line":34,"column":19},"end":{"line":34,"column":79}},"11":{"start":{"line":37,"column":22},"end":{"line":43,"column":7}},"12":{"start":{"line":37,"column":60},"end":{"line":43,"column":5}},"13":{"start":{"line":45,"column":38},"end":{"line":47,"column":24}},"14":{"start":{"line":49,"column":4},"end":{"line":49,"column":94}},"15":{"start":{"line":49,"column":24},"end":{"line":49,"column":94}},"16":{"start":{"line":51,"column":4},"end":{"line":51,"column":100}},"17":{"start":{"line":52,"column":4},"end":{"line":52,"column":16}},"18":{"start":{"line":56,"column":0},"end":{"line":56,"column":37}}},"fnMap":{"0":{"name":"(anonymous_0)","decl":{"start":{"line":10,"column":2},"end":{"line":10,"column":3}},"loc":{"start":{"line":10,"column":64},"end":{"line":15,"column":3}},"line":10},"1":{"name":"(anonymous_1)","decl":{"start":{"line":17,"column":2},"end":{"line":17,"column":3}},"loc":{"start":{"line":17,"column":18},"end":{"line":53,"column":3}},"line":17},"2":{"name":"(anonymous_2)","decl":{"start":{"line":37,"column":45},"end":{"line":37,"column":46}},"loc":{"start":{"line":37,"column":60},"end":{"line":43,"column":5}},"line":37}},"branchMap":{"0":{"loc":{"start":{"line":34,"column":4},"end":{"line":34,"column":79}},"type":"if","locations":[{"start":{"line":34,"column":4},"end":{"line":34,"column":79}},{"start":{},"end":{}}],"line":34},"1":{"loc":{"start":{"line":49,"column":4},"end":{"line":49,"column":94}},"type":"if","locations":[{"start":{"line":49,"column":4},"end":{"line":49,"column":94}},{"start":{},"end":{}}],"line":49}},"s":{"0":1,"1":1,"2":0,"3":0,"4":0,"5":0,"6":0,"7":0,"8":0,"9":0,"10":0,"11":0,"12":0,"13":0,"14":0,"15":0,"16":0,"17":0,"18":1},"f":{"0":0,"1":0,"2":0},"b":{"0":[0,0],"1":[0,0]},"_coverageSchema":"1a1c01bbd47fc00a2c39e90264f33305004495a9","hash":"dc35c66ce2707cee7d4c0d39c521f850f1ac05d7"}
,"C:\\Users\\Nah Nah Sylvestre\\Documents\\school\\Software Architecture\\project docs\\SkillBridge\\Skill-Bridge\\Services\\quiz-service\\src\\commands\\SubmitAttemptCommand.js": {"path":"C:\\Users\\Nah Nah Sylvestre\\Documents\\school\\Software Architecture\\project docs\\SkillBridge\\Skill-Bridge\\Services\\quiz-service\\src\\commands\\SubmitAttemptCommand.js","statementMap":{"0":{"start":{"line":5,"column":32},"end":{"line":5,"column":60}},"1":{"start":{"line":6,"column":32},"end":{"line":6,"column":65}},"2":{"start":{"line":10,"column":4},"end":{"line":10,"column":26}},"3":{"start":{"line":11,"column":4},"end":{"line":11,"column":26}},"4":{"start":{"line":12,"column":4},"end":{"line":12,"column":27}},"5":{"start":{"line":17,"column":45},"end":{"line":21,"column":15}},"6":{"start":{"line":23,"column":4},"end":{"line":23,"column":62}},"7":{"start":{"line":23,"column":28},"end":{"line":23,"column":62}},"8":{"start":{"line":26,"column":31},"end":{"line":31,"column":15}},"9":{"start":{"line":33,"column":4},"end":{"line":33,"column":55}},"10":{"start":{"line":33,"column":18},"end":{"line":33,"column":55}},"11":{"start":{"line":36,"column":24},"end":{"line":38,"column":5}},"12":{"start":{"line":37,"column":35},"end":{"line":37,"column":44}},"13":{"start":{"line":40,"column":18},"end":{"line":40,"column":19}},"14":{"start":{"line":41,"column":22},"end":{"line":46,"column":6}},"15":{"start":{"line":42,"column":25},"end":{"line":42,"column":49}},"16":{"start":{"line":43,"column":25},"end":{"line":43,"column":66}},"17":{"start":{"line":44,"column":6},"end":{"line":44,"column":32}},"18":{"start":{"line":44,"column":22},"end":{"line":44,"column":32}},"19":{"start":{"line":45,"column":6},"end":{"line":45,"column":55}},"20":{"start":{"line":48,"column":19},"end":{"line":48,"column":75}},"21":{"start":{"line":49,"column":19},"end":{"line":49,"column":46}},"22":{"start":{"line":52,"column":51},"end":{"line":62,"column":15}},"23":{"start":{"line":64,"column":4},"end":{"line":64,"column":60}},"24":{"start":{"line":64,"column":22},"end":{"line":64,"column":60}},"25":{"start":{"line":67,"column":4},"end":{"line":74,"column":6}},"26":{"start":{"line":68,"column":26},"end":{"line":73,"column":7}},"27":{"start":{"line":77,"column":4},"end":{"line":80,"column":5}},"28":{"start":{"line":78,"column":6},"end":{"line":78,"column":80}},"29":{"start":{"line":79,"column":6},"end":{"line":79,"column":39}},"30":{"start":{"line":82,"column":4},"end":{"line":90,"column":6}},"31":{"start":{"line":94,"column":0},"end":{"line":94,"column":38}}},"fnMap":{"0":{"name":"(anonymous_0)","decl":{"start":{"line":9,"column":2},"end":{"line":9,"column":3}},"loc":{"start":{"line":9,"column":43},"end":{"line":13,"column":3}},"line":9},"1":{"name":"(anonymous_1)","decl":{"start":{"line":15,"column":2},"end":{"line":15,"column":3}},"loc":{"start":{"line":15,"column":18},"end":{"line":91,"column":3}},"line":15},"2":{"name":"(anonymous_2)","decl":{"start":{"line":37,"column":30},"end":{"line":37,"column":31}},"loc":{"start":{"line":37,"column":35},"end":{"line":37,"column":44}},"line":37},"3":{"name":"(anonymous_3)","decl":{"start":{"line":41,"column":39},"end":{"line":41,"column":40}},"loc":{"start":{"line":41,"column":74},"end":{"line":46,"column":5}},"line":41},"4":{"name":"(anonymous_4)","decl":{"start":{"line":68,"column":20},"end":{"line":68,"column":21}},"loc":{"start":{"line":68,"column":26},"end":{"line":73,"column":7}},"line":68}},"branchMap":{"0":{"loc":{"start":{"line":23,"column":4},"end":{"line":23,"column":62}},"type":"if","locations":[{"start":{"line":23,"column":4},"end":{"line":23,"column":62}},{"start":{},"end":{}}],"line":23},"1":{"loc":{"start":{"line":23,"column":8},"end":{"line":23,"column":26}},"type":"binary-expr","locations":[{"start":{"line":23,"column":8},"end":{"line":23,"column":17}},{"start":{"line":23,"column":21},"end":{"line":23,"column":26}}],"line":23},"2":{"loc":{"start":{"line":33,"column":4},"end":{"line":33,"column":55}},"type":"if","locations":[{"start":{"line":33,"column":4},"end":{"line":33,"column":55}},{"start":{},"end":{}}],"line":33},"3":{"loc":{"start":{"line":44,"column":6},"end":{"line":44,"column":32}},"type":"if","locations":[{"start":{"line":44,"column":6},"end":{"line":44,"column":32}},{"start":{},"end":{}}],"line":44},"4":{"loc":{"start":{"line":64,"column":4},"end":{"line":64,"column":60}},"type":"if","locations":[{"start":{"line":64,"column":4},"end":{"line":64,"column":60}},{"start":{},"end":{}}],"line":64},"5":{"loc":{"start":{"line":77,"column":4},"end":{"line":80,"column":5}},"type":"if","locations":[{"start":{"line":77,"column":4},"end":{"line":80,"column":5}},{"start":{},"end":{}}],"line":77}},"s":{"0":1,"1":1,"2":3,"3":3,"4":3,"5":3,"6":3,"7":1,"8":2,"9":2,"10":1,"11":1,"12":2,"13":1,"14":1,"15":2,"16":2,"17":2,"18":2,"19":2,"20":1,"21":1,"22":1,"23":1,"24":0,"25":1,"26":2,"27":1,"28":1,"29":1,"30":1,"31":1},"f":{"0":3,"1":3,"2":2,"3":2,"4":2},"b":{"0":[1,2],"1":[3,2],"2":[1,1],"3":[2,0],"4":[0,1],"5":[1,0]},"_coverageSchema":"1a1c01bbd47fc00a2c39e90264f33305004495a9","hash":"8ddd7c38e502aef13be8b912dcedd4071ee97e4c"}
,"C:\\Users\\Nah Nah Sylvestre\\Documents\\school\\Software Architecture\\project docs\\SkillBridge\\Skill-Bridge\\Services\\quiz-service\\src\\controllers\\quizController.js": {"path":"C:\\Users\\Nah Nah Sylvestre\\Documents\\school\\Software Architecture\\project docs\\SkillBridge\\Skill-Bridge\\Services\\quiz-service\\src\\controllers\\quizController.js","statementMap":{"0":{"start":{"line":1,"column":28},"end":{"line":1,"column":70}},"1":{"start":{"line":2,"column":29},"end":{"line":2,"column":72}},"2":{"start":{"line":3,"column":29},"end":{"line":3,"column":63}},"3":{"start":{"line":4,"column":29},"end":{"line":4,"column":65}},"4":{"start":{"line":5,"column":29},"end":{"line":5,"column":57}},"5":{"start":{"line":9,"column":2},"end":{"line":15,"column":3}},"6":{"start":{"line":10,"column":19},"end":{"line":10,"column":72}},"7":{"start":{"line":11,"column":19},"end":{"line":11,"column":40}},"8":{"start":{"line":12,"column":4},"end":{"line":12,"column":21}},"9":{"start":{"line":14,"column":4},"end":{"line":14,"column":49}},"10":{"start":{"line":20,"column":2},"end":{"line":26,"column":3}},"11":{"start":{"line":21,"column":19},"end":{"line":21,"column":66}},"12":{"start":{"line":22,"column":19},"end":{"line":22,"column":40}},"13":{"start":{"line":23,"column":4},"end":{"line":23,"column":21}},"14":{"start":{"line":25,"column":4},"end":{"line":25,"column":49}},"15":{"start":{"line":31,"column":22},"end":{"line":31,"column":30}},"16":{"start":{"line":33,"column":2},"end":{"line":35,"column":3}},"17":{"start":{"line":34,"column":4},"end":{"line":34,"column":72}},"18":{"start":{"line":37,"column":2},"end":{"line":53,"column":3}},"19":{"start":{"line":38,"column":20},"end":{"line":42,"column":6}},"20":{"start":{"line":43,"column":19},"end":{"line":43,"column":42}},"21":{"start":{"line":44,"column":4},"end":{"line":44,"column":33}},"22":{"start":{"line":46,"column":4},"end":{"line":48,"column":5}},"23":{"start":{"line":47,"column":6},"end":{"line":47,"column":85}},"24":{"start":{"line":49,"column":4},"end":{"line":51,"column":5}},"25":{"start":{"line":50,"column":6},"end":{"line":50,"column":58}},"26":{"start":{"line":52,"column":4},"end":{"line":52,"column":49}},"27":{"start":{"line":58,"column":2},"end":{"line":67,"column":3}},"28":{"start":{"line":59,"column":19},"end":{"line":62,"column":6}},"29":{"start":{"line":63,"column":19},"end":{"line":63,"column":40}},"30":{"start":{"line":64,"column":4},"end":{"line":64,"column":21}},"31":{"start":{"line":66,"column":4},"end":{"line":66,"column":49}},"32":{"start":{"line":70,"column":0},"end":{"line":70,"column":75}}},"fnMap":{"0":{"name":"getQuizBySession","decl":{"start":{"line":8,"column":15},"end":{"line":8,"column":31}},"loc":{"start":{"line":8,"column":42},"end":{"line":16,"column":1}},"line":8},"1":{"name":"getQuiz","decl":{"start":{"line":19,"column":15},"end":{"line":19,"column":22}},"loc":{"start":{"line":19,"column":33},"end":{"line":27,"column":1}},"line":19},"2":{"name":"submitAttempt","decl":{"start":{"line":30,"column":15},"end":{"line":30,"column":28}},"loc":{"start":{"line":30,"column":39},"end":{"line":54,"column":1}},"line":30},"3":{"name":"getMyResult","decl":{"start":{"line":57,"column":15},"end":{"line":57,"column":26}},"loc":{"start":{"line":57,"column":37},"end":{"line":68,"column":1}},"line":57}},"branchMap":{"0":{"loc":{"start":{"line":33,"column":2},"end":{"line":35,"column":3}},"type":"if","locations":[{"start":{"line":33,"column":2},"end":{"line":35,"column":3}},{"start":{},"end":{}}],"line":33},"1":{"loc":{"start":{"line":33,"column":6},"end":{"line":33,"column":53}},"type":"binary-expr","locations":[{"start":{"line":33,"column":6},"end":{"line":33,"column":29}},{"start":{"line":33,"column":33},"end":{"line":33,"column":53}}],"line":33},"2":{"loc":{"start":{"line":46,"column":4},"end":{"line":48,"column":5}},"type":"if","locations":[{"start":{"line":46,"column":4},"end":{"line":48,"column":5}},{"start":{},"end":{}}],"line":46},"3":{"loc":{"start":{"line":49,"column":4},"end":{"line":51,"column":5}},"type":"if","locations":[{"start":{"line":49,"column":4},"end":{"line":51,"column":5}},{"start":{},"end":{}}],"line":49}},"s":{"0":1,"1":1,"2":1,"3":1,"4":1,"5":0,"6":0,"7":0,"8":0,"9":0,"10":0,"11":0,"12":0,"13":0,"14":0,"15":4,"16":4,"17":1,"18":3,"19":3,"20":3,"21":1,"22":2,"23":1,"24":1,"25":1,"26":0,"27":0,"28":0,"29":0,"30":0,"31":0,"32":1},"f":{"0":0,"1":0,"2":4,"3":0},"b":{"0":[1,3],"1":[4,3],"2":[1,1],"3":[1,0]},"_coverageSchema":"1a1c01bbd47fc00a2c39e90264f33305004495a9","hash":"b8e43b246fd85ab9071bbba6a8b05ba9c392c53c"}
,"C:\\Users\\Nah Nah Sylvestre\\Documents\\school\\Software Architecture\\project docs\\SkillBridge\\Skill-Bridge\\Services\\quiz-service\\src\\middleware\\auth.js": {"path":"C:\\Users\\Nah Nah Sylvestre\\Documents\\school\\Software Architecture\\project docs\\SkillBridge\\Skill-Bridge\\Services\\quiz-service\\src\\middleware\\auth.js","statementMap":{"0":{"start":{"line":1,"column":17},"end":{"line":1,"column":45}},"1":{"start":{"line":4,"column":21},"end":{"line":4,"column":46}},"2":{"start":{"line":5,"column":2},"end":{"line":7,"column":3}},"3":{"start":{"line":6,"column":4},"end":{"line":6,"column":86}},"4":{"start":{"line":8,"column":16},"end":{"line":8,"column":40}},"5":{"start":{"line":9,"column":36},"end":{"line":9,"column":70}},"6":{"start":{"line":10,"column":2},"end":{"line":10,"column":89}},"7":{"start":{"line":10,"column":22},"end":{"line":10,"column":89}},"8":{"start":{"line":11,"column":2},"end":{"line":11,"column":18}},"9":{"start":{"line":12,"column":2},"end":{"line":12,"column":9}},"10":{"start":{"line":15,"column":0},"end":{"line":15,"column":34}}},"fnMap":{"0":{"name":"authenticate","decl":{"start":{"line":3,"column":15},"end":{"line":3,"column":27}},"loc":{"start":{"line":3,"column":44},"end":{"line":13,"column":1}},"line":3}},"branchMap":{"0":{"loc":{"start":{"line":5,"column":2},"end":{"line":7,"column":3}},"type":"if","locations":[{"start":{"line":5,"column":2},"end":{"line":7,"column":3}},{"start":{},"end":{}}],"line":5},"1":{"loc":{"start":{"line":5,"column":6},"end":{"line":5,"column":54}},"type":"binary-expr","locations":[{"start":{"line":5,"column":6},"end":{"line":5,"column":17}},{"start":{"line":5,"column":21},"end":{"line":5,"column":54}}],"line":5},"2":{"loc":{"start":{"line":10,"column":2},"end":{"line":10,"column":89}},"type":"if","locations":[{"start":{"line":10,"column":2},"end":{"line":10,"column":89}},{"start":{},"end":{}}],"line":10},"3":{"loc":{"start":{"line":10,"column":6},"end":{"line":10,"column":20}},"type":"binary-expr","locations":[{"start":{"line":10,"column":6},"end":{"line":10,"column":11}},{"start":{"line":10,"column":15},"end":{"line":10,"column":20}}],"line":10}},"s":{"0":1,"1":4,"2":4,"3":0,"4":4,"5":4,"6":4,"7":0,"8":4,"9":4,"10":1},"f":{"0":4},"b":{"0":[0,4],"1":[4,4],"2":[0,4],"3":[4,4]},"_coverageSchema":"1a1c01bbd47fc00a2c39e90264f33305004495a9","hash":"3dfad8a3603a29c59f2cd120cb76eee2e05c4383"}
,"C:\\Users\\Nah Nah Sylvestre\\Documents\\school\\Software Architecture\\project docs\\SkillBridge\\Skill-Bridge\\Services\\quiz-service\\src\\queries\\GetQuizQuery.js": {"path":"C:\\Users\\Nah Nah Sylvestre\\Documents\\school\\Software Architecture\\project docs\\SkillBridge\\Skill-Bridge\\Services\\quiz-service\\src\\queries\\GetQuizQuery.js","statementMap":{"0":{"start":{"line":6,"column":17},"end":{"line":6,"column":45}},"1":{"start":{"line":10,"column":4},"end":{"line":10,"column":28}},"2":{"start":{"line":11,"column":4},"end":{"line":11,"column":31}},"3":{"start":{"line":15,"column":16},"end":{"line":17,"column":37}},"4":{"start":{"line":19,"column":4},"end":{"line":25,"column":5}},"5":{"start":{"line":20,"column":6},"end":{"line":20,"column":42}},"6":{"start":{"line":21,"column":11},"end":{"line":25,"column":5}},"7":{"start":{"line":22,"column":6},"end":{"line":22,"column":79}},"8":{"start":{"line":24,"column":6},"end":{"line":24,"column":54}},"9":{"start":{"line":27,"column":28},"end":{"line":27,"column":48}},"10":{"start":{"line":28,"column":4},"end":{"line":28,"column":49}},"11":{"start":{"line":28,"column":15},"end":{"line":28,"column":49}},"12":{"start":{"line":31,"column":4},"end":{"line":36,"column":6}},"13":{"start":{"line":34,"column":38},"end":{"line":34,"column":39}},"14":{"start":{"line":40,"column":0},"end":{"line":40,"column":30}}},"fnMap":{"0":{"name":"(anonymous_0)","decl":{"start":{"line":9,"column":2},"end":{"line":9,"column":3}},"loc":{"start":{"line":9,"column":37},"end":{"line":12,"column":3}},"line":9},"1":{"name":"(anonymous_1)","decl":{"start":{"line":14,"column":2},"end":{"line":14,"column":3}},"loc":{"start":{"line":14,"column":18},"end":{"line":37,"column":3}},"line":14},"2":{"name":"(anonymous_2)","decl":{"start":{"line":34,"column":8},"end":{"line":34,"column":9}},"loc":{"start":{"line":34,"column":38},"end":{"line":34,"column":39}},"line":34}},"branchMap":{"0":{"loc":{"start":{"line":19,"column":4},"end":{"line":25,"column":5}},"type":"if","locations":[{"start":{"line":19,"column":4},"end":{"line":25,"column":5}},{"start":{"line":21,"column":11},"end":{"line":25,"column":5}}],"line":19},"1":{"loc":{"start":{"line":21,"column":11},"end":{"line":25,"column":5}},"type":"if","locations":[{"start":{"line":21,"column":11},"end":{"line":25,"column":5}},{"start":{"line":23,"column":11},"end":{"line":25,"column":5}}],"line":21},"2":{"loc":{"start":{"line":28,"column":4},"end":{"line":28,"column":49}},"type":"if","locations":[{"start":{"line":28,"column":4},"end":{"line":28,"column":49}},{"start":{},"end":{}}],"line":28}},"s":{"0":1,"1":0,"2":0,"3":0,"4":0,"5":0,"6":0,"7":0,"8":0,"9":0,"10":0,"11":0,"12":0,"13":0,"14":1},"f":{"0":0,"1":0,"2":0},"b":{"0":[0,0],"1":[0,0],"2":[0,0]},"_coverageSchema":"1a1c01bbd47fc00a2c39e90264f33305004495a9","hash":"522c6c1d5a74452271c149a774ad3383774e45f0"}
,"C:\\Users\\Nah Nah Sylvestre\\Documents\\school\\Software Architecture\\project docs\\SkillBridge\\Skill-Bridge\\Services\\quiz-service\\src\\queries\\GetResultQuery.js": {"path":"C:\\Users\\Nah Nah Sylvestre\\Documents\\school\\Software Architecture\\project docs\\SkillBridge\\Skill-Bridge\\Services\\quiz-service\\src\\queries\\GetResultQuery.js","statementMap":{"0":{"start":{"line":6,"column":17},"end":{"line":6,"column":45}},"1":{"start":{"line":10,"column":4},"end":{"line":10,"column":25}},"2":{"start":{"line":11,"column":4},"end":{"line":11,"column":25}},"3":{"start":{"line":15,"column":28},"end":{"line":20,"column":15}},"4":{"start":{"line":22,"column":4},"end":{"line":22,"column":65}},"5":{"start":{"line":22,"column":15},"end":{"line":22,"column":65}},"6":{"start":{"line":23,"column":4},"end":{"line":23,"column":16}},"7":{"start":{"line":27,"column":0},"end":{"line":27,"column":32}}},"fnMap":{"0":{"name":"(anonymous_0)","decl":{"start":{"line":9,"column":2},"end":{"line":9,"column":3}},"loc":{"start":{"line":9,"column":34},"end":{"line":12,"column":3}},"line":9},"1":{"name":"(anonymous_1)","decl":{"start":{"line":14,"column":2},"end":{"line":14,"column":3}},"loc":{"start":{"line":14,"column":18},"end":{"line":24,"column":3}},"line":14}},"branchMap":{"0":{"loc":{"start":{"line":22,"column":4},"end":{"line":22,"column":65}},"type":"if","locations":[{"start":{"line":22,"column":4},"end":{"line":22,"column":65}},{"start":{},"end":{}}],"line":22}},"s":{"0":1,"1":0,"2":0,"3":0,"4":0,"5":0,"6":0,"7":1},"f":{"0":0,"1":0},"b":{"0":[0,0]},"_coverageSchema":"1a1c01bbd47fc00a2c39e90264f33305004495a9","hash":"efa727f101e0bf4782b9b9d160687c1ea13e4c2a"}
,"C:\\Users\\Nah Nah Sylvestre\\Documents\\school\\Software Architecture\\project docs\\SkillBridge\\Skill-Bridge\\Services\\quiz-service\\src\\routes\\quizzes.js": {"path":"C:\\Users\\Nah Nah Sylvestre\\Documents\\school\\Software Architecture\\project docs\\SkillBridge\\Skill-Bridge\\Services\\quiz-service\\src\\routes\\quizzes.js","statementMap":{"0":{"start":{"line":1,"column":15},"end":{"line":1,"column":42}},"1":{"start":{"line":2,"column":25},"end":{"line":2,"column":54}},"2":{"start":{"line":8,"column":4},"end":{"line":8,"column":44}},"3":{"start":{"line":11,"column":0},"end":{"line":11,"column":68}},"4":{"start":{"line":14,"column":0},"end":{"line":14,"column":59}},"5":{"start":{"line":17,"column":0},"end":{"line":17,"column":65}},"6":{"start":{"line":20,"column":0},"end":{"line":20,"column":63}},"7":{"start":{"line":22,"column":0},"end":{"line":22,"column":24}}},"fnMap":{},"branchMap":{},"s":{"0":1,"1":1,"2":1,"3":1,"4":1,"5":1,"6":1,"7":1},"f":{},"b":{},"_coverageSchema":"1a1c01bbd47fc00a2c39e90264f33305004495a9","hash":"7868a519660f38416dcd2d510d44d155e6316359"}
}
