TN:
SF:src\index.js
FN:20,(anonymous_0)
FN:32,(anonymous_1)
FN:37,(anonymous_2)
FN:44,(anonymous_3)
FNF:4
FNH:2
FNDA:1,(anonymous_0)
FNDA:1,(anonymous_1)
FNDA:0,(anonymous_2)
FNDA:0,(anonymous_3)
DA:1,1
DA:2,1
DA:3,1
DA:4,1
DA:5,1
DA:6,1
DA:8,1
DA:10,1
DA:11,1
DA:14,1
DA:15,1
DA:16,1
DA:17,1
DA:20,1
DA:21,1
DA:29,1
DA:32,1
DA:33,1
DA:37,1
DA:38,0
DA:39,0
DA:43,1
DA:44,0
DA:45,0
DA:46,0
DA:47,0
DA:48,0
DA:50,0
DA:55,1
LF:29
LH:21
BRDA:11,0,0,1
BRDA:11,0,1,1
BRDA:43,1,0,0
BRDA:43,1,1,1
BRF:4
BRH:3
end_of_record
TN:
SF:src\commands\GenerateQuizCommand.js
FN:10,(anonymous_0)
FN:17,(anonymous_1)
FN:37,(anonymous_2)
FNF:3
FNH:0
FNDA:0,(anonymous_0)
FNDA:0,(anonymous_1)
FNDA:0,(anonymous_2)
DA:6,1
DA:7,1
DA:11,0
DA:12,0
DA:13,0
DA:14,0
DA:19,0
DA:20,0
DA:23,0
DA:34,0
DA:37,0
DA:45,0
DA:49,0
DA:51,0
DA:52,0
DA:56,1
LF:16
LH:3
BRDA:34,0,0,0
BRDA:34,0,1,0
BRDA:49,1,0,0
BRDA:49,1,1,0
BRF:4
BRH:0
end_of_record
TN:
SF:src\commands\SubmitAttemptCommand.js
FN:9,(anonymous_0)
FN:15,(anonymous_1)
FN:37,(anonymous_2)
FN:41,(anonymous_3)
FN:68,(anonymous_4)
FNF:5
FNH:5
FNDA:3,(anonymous_0)
FNDA:3,(anonymous_1)
FNDA:2,(anonymous_2)
FNDA:2,(anonymous_3)
FNDA:2,(anonymous_4)
DA:5,1
DA:6,1
DA:10,3
DA:11,3
DA:12,3
DA:17,3
DA:23,3
DA:26,2
DA:33,2
DA:36,1
DA:37,2
DA:40,1
DA:41,1
DA:42,2
DA:43,2
DA:44,2
DA:45,2
DA:48,1
DA:49,1
DA:52,1
DA:64,1
DA:67,1
DA:68,2
DA:77,1
DA:78,1
DA:79,1
DA:82,1
DA:94,1
LF:28
LH:28
BRDA:23,0,0,1
BRDA:23,0,1,2
BRDA:23,1,0,3
BRDA:23,1,1,2
BRDA:33,2,0,1
BRDA:33,2,1,1
BRDA:44,3,0,2
BRDA:44,3,1,0
BRDA:64,4,0,0
BRDA:64,4,1,1
BRDA:77,5,0,1
BRDA:77,5,1,0
BRF:12
BRH:9
end_of_record
TN:
SF:src\controllers\quizController.js
FN:8,getQuizBySession
FN:19,getQuiz
FN:30,submitAttempt
FN:57,getMyResult
FNF:4
FNH:1
FNDA:0,getQuizBySession
FNDA:0,getQuiz
FNDA:4,submitAttempt
FNDA:0,getMyResult
DA:1,1
DA:2,1
DA:3,1
DA:4,1
DA:5,1
DA:9,0
DA:10,0
DA:11,0
DA:12,0
DA:14,0
DA:20,0
DA:21,0
DA:22,0
DA:23,0
DA:25,0
DA:31,4
DA:33,4
DA:34,1
DA:37,3
DA:38,3
DA:43,3
DA:44,1
DA:46,2
DA:47,1
DA:49,1
DA:50,1
DA:52,0
DA:58,0
DA:59,0
DA:63,0
DA:64,0
DA:66,0
DA:70,1
LF:33
LH:17
BRDA:33,0,0,1
BRDA:33,0,1,3
BRDA:33,1,0,4
BRDA:33,1,1,3
BRDA:46,2,0,1
BRDA:46,2,1,1
BRDA:49,3,0,1
BRDA:49,3,1,0
BRF:8
BRH:7
end_of_record
TN:
SF:src\middleware\auth.js
FN:3,authenticate
FNF:1
FNH:1
FNDA:4,authenticate
DA:1,1
DA:4,4
DA:5,4
DA:6,0
DA:8,4
DA:9,4
DA:10,4
DA:11,4
DA:12,4
DA:15,1
LF:10
LH:9
BRDA:5,0,0,0
BRDA:5,0,1,4
BRDA:5,1,0,4
BRDA:5,1,1,4
BRDA:10,2,0,0
BRDA:10,2,1,4
BRDA:10,3,0,4
BRDA:10,3,1,4
BRF:8
BRH:6
end_of_record
TN:
SF:src\queries\GetQuizQuery.js
FN:9,(anonymous_0)
FN:14,(anonymous_1)
FN:34,(anonymous_2)
FNF:3
FNH:0
FNDA:0,(anonymous_0)
FNDA:0,(anonymous_1)
FNDA:0,(anonymous_2)
DA:6,1
DA:10,0
DA:11,0
DA:15,0
DA:19,0
DA:20,0
DA:21,0
DA:22,0
DA:24,0
DA:27,0
DA:28,0
DA:31,0
DA:34,0
DA:40,1
LF:14
LH:2
BRDA:19,0,0,0
BRDA:19,0,1,0
BRDA:21,1,0,0
BRDA:21,1,1,0
BRDA:28,2,0,0
BRDA:28,2,1,0
BRF:6
BRH:0
end_of_record
TN:
SF:src\queries\GetResultQuery.js
FN:9,(anonymous_0)
FN:14,(anonymous_1)
FNF:2
FNH:0
FNDA:0,(anonymous_0)
FNDA:0,(anonymous_1)
DA:6,1
DA:10,0
DA:11,0
DA:15,0
DA:22,0
DA:23,0
DA:27,1
LF:7
LH:2
BRDA:22,0,0,0
BRDA:22,0,1,0
BRF:2
BRH:0
end_of_record
TN:
SF:src\routes\quizzes.js
FNF:0
FNH:0
DA:1,1
DA:2,1
DA:8,1
DA:11,1
DA:14,1
DA:17,1
DA:20,1
DA:22,1
LF:8
LH:8
BRF:0
BRH:0
end_of_record
